
May 12, 2023 15:52:02.144 NEW SESSION
May 12, 2023 15:52:02.144 [3916:1420:0512/155202.142:ERROR:device_event_log_impl.cc(222)] [15:52:02.142] USB: usb_service_win.cc:415 Could not read device interface GUIDs: The system cannot find the file specified. (0x2)
May 12, 2023 15:52:20.884 [3916:1420:0512/155220.883:ERROR:CONSOLE(52)] "Unchecked runtime.lastError: The message port closed before a response was received.", source: https://ogs.google.com/u/0/widget/app?awv2=1&origin=chrome-untrusted%3A%2F%2Fnew-tab-page&origin=chrome%3A%2F%2Fnew-tab-page&cn=app&pid=1&spid=243&hl=en (52)
May 12, 2023 15:52:20.884 [3916:1420:0512/155220.883:ERROR:CONSOLE(52)] "Unchecked runtime.lastError: The message port closed before a response was received.", source: https://ogs.google.com/u/0/widget/app?awv2=1&origin=chrome-untrusted%3A%2F%2Fnew-tab-page&origin=chrome%3A%2F%2Fnew-tab-page&cn=app&pid=1&spid=243&hl=en (52)
May 12, 2023 15:52:20.885 [3916:1420:0512/155220.883:ERROR:CONSOLE(52)] "Unchecked runtime.lastError: The message port closed before a response was received.", source: https://ogs.google.com/u/0/widget/app?awv2=1&origin=chrome-untrusted%3A%2F%2Fnew-tab-page&origin=chrome%3A%2F%2Fnew-tab-page&cn=app&pid=1&spid=243&hl=en (52)
May 12, 2023 15:52:20.885 [3916:1420:0512/155220.883:ERROR:CONSOLE(52)] "Unchecked runtime.lastError: The message port closed before a response was received.", source: https://ogs.google.com/u/0/widget/app?awv2=1&origin=chrome-untrusted%3A%2F%2Fnew-tab-page&origin=chrome%3A%2F%2Fnew-tab-page&cn=app&pid=1&spid=243&hl=en (52)
May 12, 2023 15:53:17.581 [3916:1420:0512/155317.581:ERROR:CONSOLE(52)] "Unchecked runtime.lastError: The message port closed before a response was received.", source: https://ogs.google.com/u/0/widget/app?awv2=1&origin=chrome-untrusted%3A%2F%2Fnew-tab-page&origin=chrome%3A%2F%2Fnew-tab-page&cn=app&pid=1&spid=243&hl=en (52)
May 12, 2023 15:53:17.582 [3916:1420:0512/155317.581:ERROR:CONSOLE(52)] "Unchecked runtime.lastError: The message port closed before a response was received.", source: https://ogs.google.com/u/0/widget/app?awv2=1&origin=chrome-untrusted%3A%2F%2Fnew-tab-page&origin=chrome%3A%2F%2Fnew-tab-page&cn=app&pid=1&spid=243&hl=en (52)
May 12, 2023 15:53:17.582 [3916:1420:0512/155317.581:ERROR:CONSOLE(52)] "Unchecked runtime.lastError: The message port closed before a response was received.", source: https://ogs.google.com/u/0/widget/app?awv2=1&origin=chrome-untrusted%3A%2F%2Fnew-tab-page&origin=chrome%3A%2F%2Fnew-tab-page&cn=app&pid=1&spid=243&hl=en (52)
May 12, 2023 15:53:17.582 [3916:1420:0512/155317.581:ERROR:CONSOLE(52)] "Unchecked runtime.lastError: The message port closed before a response was received.", source: https://ogs.google.com/u/0/widget/app?awv2=1&origin=chrome-untrusted%3A%2F%2Fnew-tab-page&origin=chrome%3A%2F%2Fnew-tab-page&cn=app&pid=1&spid=243&hl=en (52)
May 12, 2023 15:55:35.905 [3916:1420:0512/155535.905:ERROR:CONSOLE(52)] "Unchecked runtime.lastError: The message port closed before a response was received.", source: https://ogs.google.com/u/0/widget/app?awv2=1&origin=chrome-untrusted%3A%2F%2Fnew-tab-page&origin=chrome%3A%2F%2Fnew-tab-page&cn=app&pid=1&spid=243&hl=en (52)
May 12, 2023 15:55:35.906 [3916:1420:0512/155535.905:ERROR:CONSOLE(52)] "Unchecked runtime.lastError: The message port closed before a response was received.", source: https://ogs.google.com/u/0/widget/app?awv2=1&origin=chrome-untrusted%3A%2F%2Fnew-tab-page&origin=chrome%3A%2F%2Fnew-tab-page&cn=app&pid=1&spid=243&hl=en (52)
May 12, 2023 15:55:35.907 [3916:1420:0512/155535.907:ERROR:CONSOLE(52)] "Unchecked runtime.lastError: The message port closed before a response was received.", source: https://ogs.google.com/u/0/widget/app?awv2=1&origin=chrome-untrusted%3A%2F%2Fnew-tab-page&origin=chrome%3A%2F%2Fnew-tab-page&cn=app&pid=1&spid=243&hl=en (52)
May 12, 2023 15:55:35.907 [3916:1420:0512/155535.907:ERROR:CONSOLE(52)] "Unchecked runtime.lastError: The message port closed before a response was received.", source: https://ogs.google.com/u/0/widget/app?awv2=1&origin=chrome-untrusted%3A%2F%2Fnew-tab-page&origin=chrome%3A%2F%2Fnew-tab-page&cn=app&pid=1&spid=243&hl=en (52)

May 12, 2023 18:41:36.817 NEW SESSION
May 12, 2023 18:41:36.817 [5756:16564:0512/184136.815:ERROR:device_event_log_impl.cc(222)] [18:41:36.815] USB: usb_service_win.cc:415 Could not read device interface GUIDs: The system cannot find the file specified. (0x2)
May 12, 2023 18:58:50.844 [5756:16564:0512/185850.844:ERROR:CONSOLE(52)] "Unchecked runtime.lastError: The message port closed before a response was received.", source: https://ogs.google.com/u/0/widget/app?awv2=1&origin=chrome-untrusted%3A%2F%2Fnew-tab-page&origin=chrome%3A%2F%2Fnew-tab-page&cn=app&pid=1&spid=243&hl=en (52)
May 12, 2023 18:58:50.845 [5756:16564:0512/185850.844:ERROR:CONSOLE(52)] "Unchecked runtime.lastError: The message port closed before a response was received.", source: https://ogs.google.com/u/0/widget/app?awv2=1&origin=chrome-untrusted%3A%2F%2Fnew-tab-page&origin=chrome%3A%2F%2Fnew-tab-page&cn=app&pid=1&spid=243&hl=en (52)
May 12, 2023 18:58:50.845 [5756:16564:0512/185850.844:ERROR:CONSOLE(52)] "Unchecked runtime.lastError: The message port closed before a response was received.", source: https://ogs.google.com/u/0/widget/app?awv2=1&origin=chrome-untrusted%3A%2F%2Fnew-tab-page&origin=chrome%3A%2F%2Fnew-tab-page&cn=app&pid=1&spid=243&hl=en (52)
May 12, 2023 18:58:50.846 [5756:16564:0512/185850.844:ERROR:CONSOLE(52)] "Unchecked runtime.lastError: The message port closed before a response was received.", source: https://ogs.google.com/u/0/widget/app?awv2=1&origin=chrome-untrusted%3A%2F%2Fnew-tab-page&origin=chrome%3A%2F%2Fnew-tab-page&cn=app&pid=1&spid=243&hl=en (52)
May 12, 2023 19:05:24.59 [5756:2952:0512/190524.059:ERROR:connection_factory_impl.cc(471)] ConnectionHandler failed with net error: -2
May 12, 2023 19:16:45.807 [5756:16564:0512/191645.807:ERROR:CONSOLE(52)] "Unchecked runtime.lastError: The message port closed before a response was received.", source: https://ogs.google.com/u/0/widget/app?awv2=1&origin=chrome-untrusted%3A%2F%2Fnew-tab-page&origin=chrome%3A%2F%2Fnew-tab-page&cn=app&pid=1&spid=243&hl=en (52)
May 12, 2023 19:16:45.808 [5756:16564:0512/191645.807:ERROR:CONSOLE(52)] "Unchecked runtime.lastError: The message port closed before a response was received.", source: https://ogs.google.com/u/0/widget/app?awv2=1&origin=chrome-untrusted%3A%2F%2Fnew-tab-page&origin=chrome%3A%2F%2Fnew-tab-page&cn=app&pid=1&spid=243&hl=en (52)
May 12, 2023 19:16:45.808 [5756:16564:0512/191645.807:ERROR:CONSOLE(52)] "Unchecked runtime.lastError: The message port closed before a response was received.", source: https://ogs.google.com/u/0/widget/app?awv2=1&origin=chrome-untrusted%3A%2F%2Fnew-tab-page&origin=chrome%3A%2F%2Fnew-tab-page&cn=app&pid=1&spid=243&hl=en (52)
May 12, 2023 19:16:45.809 [5756:16564:0512/191645.807:ERROR:CONSOLE(52)] "Unchecked runtime.lastError: The message port closed before a response was received.", source: https://ogs.google.com/u/0/widget/app?awv2=1&origin=chrome-untrusted%3A%2F%2Fnew-tab-page&origin=chrome%3A%2F%2Fnew-tab-page&cn=app&pid=1&spid=243&hl=en (52)
May 12, 2023 19:22:11.227 [5756:16564:0512/192211.227:ERROR:CONSOLE(52)] "Unchecked runtime.lastError: The message port closed before a response was received.", source: https://ogs.google.com/u/0/widget/app?awv2=1&origin=chrome-untrusted%3A%2F%2Fnew-tab-page&origin=chrome%3A%2F%2Fnew-tab-page&cn=app&pid=1&spid=243&hl=en (52)
May 12, 2023 19:22:11.228 [5756:16564:0512/192211.227:ERROR:CONSOLE(52)] "Unchecked runtime.lastError: The message port closed before a response was received.", source: https://ogs.google.com/u/0/widget/app?awv2=1&origin=chrome-untrusted%3A%2F%2Fnew-tab-page&origin=chrome%3A%2F%2Fnew-tab-page&cn=app&pid=1&spid=243&hl=en (52)
May 12, 2023 19:22:11.228 [5756:16564:0512/192211.227:ERROR:CONSOLE(52)] "Unchecked runtime.lastError: The message port closed before a response was received.", source: https://ogs.google.com/u/0/widget/app?awv2=1&origin=chrome-untrusted%3A%2F%2Fnew-tab-page&origin=chrome%3A%2F%2Fnew-tab-page&cn=app&pid=1&spid=243&hl=en (52)
May 12, 2023 19:22:11.229 [5756:16564:0512/192211.227:ERROR:CONSOLE(52)] "Unchecked runtime.lastError: The message port closed before a response was received.", source: https://ogs.google.com/u/0/widget/app?awv2=1&origin=chrome-untrusted%3A%2F%2Fnew-tab-page&origin=chrome%3A%2F%2Fnew-tab-page&cn=app&pid=1&spid=243&hl=en (52)

May 12, 2023 19:36:18.43 NEW SESSION
May 12, 2023 19:36:18.43 [13376:8240:0512/193618.042:ERROR:device_event_log_impl.cc(222)] [19:36:18.041] USB: usb_service_win.cc:415 Could not read device interface GUIDs: The system cannot find the file specified. (0x2)
May 12, 2023 19:36:59.988 [16988:8132:0512/193659.988:ERROR:device_event_log_impl.cc(222)] [19:36:59.987] USB: usb_service_win.cc:415 Could not read device interface GUIDs: The system cannot find the file specified. (0x2)

May 13, 2023 14:47:23.715 NEW SESSION
May 13, 2023 14:47:23.715 [16188:23724:0513/144723.711:ERROR:device_event_log_impl.cc(222)] [14:47:23.710] USB: usb_service_win.cc:415 Could not read device interface GUIDs: The system cannot find the file specified. (0x2)
May 13, 2023 14:52:45.262 [23608:24880:0513/145245.261:ERROR:device_event_log_impl.cc(222)] [14:52:45.262] USB: usb_service_win.cc:415 Could not read device interface GUIDs: The system cannot find the file specified. (0x2)
May 13, 2023 14:52:55.345 [9092:13788:0513/145255.345:ERROR:device_event_log_impl.cc(222)] [14:52:55.345] USB: usb_service_win.cc:415 Could not read device interface GUIDs: The system cannot find the file specified. (0x2)
May 13, 2023 14:56:06.34 [9092:13788:0513/145606.033:ERROR:CONSOLE(52)] "Unchecked runtime.lastError: The message port closed before a response was received.", source: https://ogs.google.com/u/0/widget/app?awv2=1&origin=chrome-untrusted%3A%2F%2Fnew-tab-page&origin=chrome%3A%2F%2Fnew-tab-page&cn=app&pid=1&spid=243&hl=en (52)
May 13, 2023 14:56:06.34 [9092:13788:0513/145606.034:ERROR:CONSOLE(52)] "Unchecked runtime.lastError: The message port closed before a response was received.", source: https://ogs.google.com/u/0/widget/app?awv2=1&origin=chrome-untrusted%3A%2F%2Fnew-tab-page&origin=chrome%3A%2F%2Fnew-tab-page&cn=app&pid=1&spid=243&hl=en (52)
May 13, 2023 14:56:06.35 [9092:13788:0513/145606.034:ERROR:CONSOLE(52)] "Unchecked runtime.lastError: The message port closed before a response was received.", source: https://ogs.google.com/u/0/widget/app?awv2=1&origin=chrome-untrusted%3A%2F%2Fnew-tab-page&origin=chrome%3A%2F%2Fnew-tab-page&cn=app&pid=1&spid=243&hl=en (52)
May 13, 2023 14:56:06.35 [9092:13788:0513/145606.034:ERROR:CONSOLE(52)] "Unchecked runtime.lastError: The message port closed before a response was received.", source: https://ogs.google.com/u/0/widget/app?awv2=1&origin=chrome-untrusted%3A%2F%2Fnew-tab-page&origin=chrome%3A%2F%2Fnew-tab-page&cn=app&pid=1&spid=243&hl=en (52)
May 13, 2023 14:58:49.380 [9092:13788:0513/145849.379:ERROR:CONSOLE(40)] "Unchecked runtime.lastError: The message port closed before a response was received.", source: https://ogs.google.com/u/0/widget/app?awv2=1&origin=chrome-untrusted%3A%2F%2Fnew-tab-page&origin=chrome%3A%2F%2Fnew-tab-page&cn=app&pid=1&spid=243&hl=en (40)
May 13, 2023 14:58:49.380 [9092:13788:0513/145849.379:ERROR:CONSOLE(40)] "Unchecked runtime.lastError: The message port closed before a response was received.", source: https://ogs.google.com/u/0/widget/app?awv2=1&origin=chrome-untrusted%3A%2F%2Fnew-tab-page&origin=chrome%3A%2F%2Fnew-tab-page&cn=app&pid=1&spid=243&hl=en (40)
May 13, 2023 14:58:49.380 [9092:13788:0513/145849.379:ERROR:CONSOLE(40)] "Unchecked runtime.lastError: The message port closed before a response was received.", source: https://ogs.google.com/u/0/widget/app?awv2=1&origin=chrome-untrusted%3A%2F%2Fnew-tab-page&origin=chrome%3A%2F%2Fnew-tab-page&cn=app&pid=1&spid=243&hl=en (40)
May 13, 2023 14:58:49.380 [9092:13788:0513/145849.379:ERROR:CONSOLE(40)] "Unchecked runtime.lastError: The message port closed before a response was received.", source: https://ogs.google.com/u/0/widget/app?awv2=1&origin=chrome-untrusted%3A%2F%2Fnew-tab-page&origin=chrome%3A%2F%2Fnew-tab-page&cn=app&pid=1&spid=243&hl=en (40)
May 13, 2023 15:00:19.828 [9092:20204:0513/150019.828:ERROR:cert_verify_proc_builtin.cc(679)] CertVerifyProcBuiltin for adn.pilotx.tv failed:
May 13, 2023 15:00:19.829 ----- Certificate i=0 (CN=*.pilotx.tv) -----
May 13, 2023 15:00:19.829 ERROR: Time is after notAfter
May 13, 2023 15:00:19.829 
May 13, 2023 15:00:19.829 
May 13, 2023 15:08:28.837 [9092:13788:0513/150828.836:ERROR:CONSOLE(52)] "Unchecked runtime.lastError: The message port closed before a response was received.", source: https://ogs.google.com/u/0/widget/app?awv2=1&origin=chrome-untrusted%3A%2F%2Fnew-tab-page&origin=chrome%3A%2F%2Fnew-tab-page&cn=app&pid=1&spid=243&hl=en (52)
May 13, 2023 15:08:28.837 [9092:13788:0513/150828.836:ERROR:CONSOLE(52)] "Unchecked runtime.lastError: The message port closed before a response was received.", source: https://ogs.google.com/u/0/widget/app?awv2=1&origin=chrome-untrusted%3A%2F%2Fnew-tab-page&origin=chrome%3A%2F%2Fnew-tab-page&cn=app&pid=1&spid=243&hl=en (52)
May 13, 2023 15:08:28.838 [9092:13788:0513/150828.836:ERROR:CONSOLE(52)] "Unchecked runtime.lastError: The message port closed before a response was received.", source: https://ogs.google.com/u/0/widget/app?awv2=1&origin=chrome-untrusted%3A%2F%2Fnew-tab-page&origin=chrome%3A%2F%2Fnew-tab-page&cn=app&pid=1&spid=243&hl=en (52)
May 13, 2023 15:08:28.838 [9092:13788:0513/150828.836:ERROR:CONSOLE(52)] "Unchecked runtime.lastError: The message port closed before a response was received.", source: https://ogs.google.com/u/0/widget/app?awv2=1&origin=chrome-untrusted%3A%2F%2Fnew-tab-page&origin=chrome%3A%2F%2Fnew-tab-page&cn=app&pid=1&spid=243&hl=en (52)
May 13, 2023 15:11:14.567 [9092:13788:0513/151114.567:ERROR:CONSOLE(52)] "Unchecked runtime.lastError: The message port closed before a response was received.", source: https://ogs.google.com/u/0/widget/app?awv2=1&origin=chrome-untrusted%3A%2F%2Fnew-tab-page&origin=chrome%3A%2F%2Fnew-tab-page&cn=app&pid=1&spid=243&hl=en (52)
May 13, 2023 15:11:14.568 [9092:13788:0513/151114.568:ERROR:CONSOLE(52)] "Unchecked runtime.lastError: The message port closed before a response was received.", source: https://ogs.google.com/u/0/widget/app?awv2=1&origin=chrome-untrusted%3A%2F%2Fnew-tab-page&origin=chrome%3A%2F%2Fnew-tab-page&cn=app&pid=1&spid=243&hl=en (52)
May 13, 2023 15:11:14.568 [9092:13788:0513/151114.568:ERROR:CONSOLE(52)] "Unchecked runtime.lastError: The message port closed before a response was received.", source: https://ogs.google.com/u/0/widget/app?awv2=1&origin=chrome-untrusted%3A%2F%2Fnew-tab-page&origin=chrome%3A%2F%2Fnew-tab-page&cn=app&pid=1&spid=243&hl=en (52)
May 13, 2023 15:11:14.569 [9092:13788:0513/151114.568:ERROR:CONSOLE(52)] "Unchecked runtime.lastError: The message port closed before a response was received.", source: https://ogs.google.com/u/0/widget/app?awv2=1&origin=chrome-untrusted%3A%2F%2Fnew-tab-page&origin=chrome%3A%2F%2Fnew-tab-page&cn=app&pid=1&spid=243&hl=en (52)
May 13, 2023 15:19:13.274 [9092:13788:0513/151913.274:ERROR:CONSOLE(52)] "Unchecked runtime.lastError: The message port closed before a response was received.", source: https://ogs.google.com/u/0/widget/app?awv2=1&origin=chrome-untrusted%3A%2F%2Fnew-tab-page&origin=chrome%3A%2F%2Fnew-tab-page&cn=app&pid=1&spid=243&hl=en (52)
May 13, 2023 15:19:13.275 [9092:13788:0513/151913.274:ERROR:CONSOLE(52)] "Unchecked runtime.lastError: The message port closed before a response was received.", source: https://ogs.google.com/u/0/widget/app?awv2=1&origin=chrome-untrusted%3A%2F%2Fnew-tab-page&origin=chrome%3A%2F%2Fnew-tab-page&cn=app&pid=1&spid=243&hl=en (52)
May 13, 2023 15:19:13.280 [9092:13788:0513/151913.280:ERROR:CONSOLE(52)] "Unchecked runtime.lastError: The message port closed before a response was received.", source: https://ogs.google.com/u/0/widget/app?awv2=1&origin=chrome-untrusted%3A%2F%2Fnew-tab-page&origin=chrome%3A%2F%2Fnew-tab-page&cn=app&pid=1&spid=243&hl=en (52)
May 13, 2023 15:19:13.281 [9092:13788:0513/151913.280:ERROR:CONSOLE(52)] "Unchecked runtime.lastError: The message port closed before a response was received.", source: https://ogs.google.com/u/0/widget/app?awv2=1&origin=chrome-untrusted%3A%2F%2Fnew-tab-page&origin=chrome%3A%2F%2Fnew-tab-page&cn=app&pid=1&spid=243&hl=en (52)
May 13, 2023 15:19:13.579 [9092:13788:0513/151913.578:ERROR:CONSOLE(52)] "Unchecked runtime.lastError: The message port closed before a response was received.", source: https://ogs.google.com/u/0/widget/app?awv2=1&origin=chrome-untrusted%3A%2F%2Fnew-tab-page&origin=chrome%3A%2F%2Fnew-tab-page&cn=app&pid=1&spid=243&hl=en (52)
May 13, 2023 15:19:13.579 [9092:13788:0513/151913.578:ERROR:CONSOLE(52)] "Unchecked runtime.lastError: The message port closed before a response was received.", source: https://ogs.google.com/u/0/widget/app?awv2=1&origin=chrome-untrusted%3A%2F%2Fnew-tab-page&origin=chrome%3A%2F%2Fnew-tab-page&cn=app&pid=1&spid=243&hl=en (52)
May 13, 2023 15:19:13.579 [9092:13788:0513/151913.578:ERROR:CONSOLE(52)] "Unchecked runtime.lastError: The message port closed before a response was received.", source: https://ogs.google.com/u/0/widget/app?awv2=1&origin=chrome-untrusted%3A%2F%2Fnew-tab-page&origin=chrome%3A%2F%2Fnew-tab-page&cn=app&pid=1&spid=243&hl=en (52)
May 13, 2023 15:19:13.579 [9092:13788:0513/151913.578:ERROR:CONSOLE(52)] "Unchecked runtime.lastError: The message port closed before a response was received.", source: https://ogs.google.com/u/0/widget/app?awv2=1&origin=chrome-untrusted%3A%2F%2Fnew-tab-page&origin=chrome%3A%2F%2Fnew-tab-page&cn=app&pid=1&spid=243&hl=en (52)
May 13, 2023 15:19:37.767 [9092:13788:0513/151937.766:ERROR:CONSOLE(52)] "Unchecked runtime.lastError: The message port closed before a response was received.", source: https://ogs.google.com/u/0/widget/app?awv2=1&origin=chrome-untrusted%3A%2F%2Fnew-tab-page&origin=chrome%3A%2F%2Fnew-tab-page&cn=app&pid=1&spid=243&hl=en (52)
May 13, 2023 15:19:37.767 [9092:13788:0513/151937.767:ERROR:CONSOLE(52)] "Unchecked runtime.lastError: The message port closed before a response was received.", source: https://ogs.google.com/u/0/widget/app?awv2=1&origin=chrome-untrusted%3A%2F%2Fnew-tab-page&origin=chrome%3A%2F%2Fnew-tab-page&cn=app&pid=1&spid=243&hl=en (52)
May 13, 2023 15:19:37.768 [9092:13788:0513/151937.767:ERROR:CONSOLE(52)] "Unchecked runtime.lastError: The message port closed before a response was received.", source: https://ogs.google.com/u/0/widget/app?awv2=1&origin=chrome-untrusted%3A%2F%2Fnew-tab-page&origin=chrome%3A%2F%2Fnew-tab-page&cn=app&pid=1&spid=243&hl=en (52)
May 13, 2023 15:19:37.768 [9092:13788:0513/151937.767:ERROR:CONSOLE(52)] "Unchecked runtime.lastError: The message port closed before a response was received.", source: https://ogs.google.com/u/0/widget/app?awv2=1&origin=chrome-untrusted%3A%2F%2Fnew-tab-page&origin=chrome%3A%2F%2Fnew-tab-page&cn=app&pid=1&spid=243&hl=en (52)
May 13, 2023 15:26:58.180 [9092:13788:0513/152658.180:ERROR:CONSOLE(52)] "Unchecked runtime.lastError: The message port closed before a response was received.", source: https://ogs.google.com/u/0/widget/app?awv2=1&origin=chrome-untrusted%3A%2F%2Fnew-tab-page&origin=chrome%3A%2F%2Fnew-tab-page&cn=app&pid=1&spid=243&hl=en (52)
May 13, 2023 15:26:58.182 [9092:13788:0513/152658.180:ERROR:CONSOLE(52)] "Unchecked runtime.lastError: The message port closed before a response was received.", source: https://ogs.google.com/u/0/widget/app?awv2=1&origin=chrome-untrusted%3A%2F%2Fnew-tab-page&origin=chrome%3A%2F%2Fnew-tab-page&cn=app&pid=1&spid=243&hl=en (52)
May 13, 2023 15:26:58.183 [9092:13788:0513/152658.182:ERROR:CONSOLE(52)] "Unchecked runtime.lastError: The message port closed before a response was received.", source: https://ogs.google.com/u/0/widget/app?awv2=1&origin=chrome-untrusted%3A%2F%2Fnew-tab-page&origin=chrome%3A%2F%2Fnew-tab-page&cn=app&pid=1&spid=243&hl=en (52)
May 13, 2023 15:26:58.183 [9092:13788:0513/152658.182:ERROR:CONSOLE(52)] "Unchecked runtime.lastError: The message port closed before a response was received.", source: https://ogs.google.com/u/0/widget/app?awv2=1&origin=chrome-untrusted%3A%2F%2Fnew-tab-page&origin=chrome%3A%2F%2Fnew-tab-page&cn=app&pid=1&spid=243&hl=en (52)
May 13, 2023 15:27:49.352 [9092:13788:0513/152749.351:ERROR:CONSOLE(52)] "Unchecked runtime.lastError: The message port closed before a response was received.", source: https://ogs.google.com/u/0/widget/app?awv2=1&origin=chrome-untrusted%3A%2F%2Fnew-tab-page&origin=chrome%3A%2F%2Fnew-tab-page&cn=app&pid=1&spid=243&hl=en (52)
May 13, 2023 15:27:49.354 [9092:13788:0513/152749.353:ERROR:CONSOLE(52)] "Unchecked runtime.lastError: The message port closed before a response was received.", source: https://ogs.google.com/u/0/widget/app?awv2=1&origin=chrome-untrusted%3A%2F%2Fnew-tab-page&origin=chrome%3A%2F%2Fnew-tab-page&cn=app&pid=1&spid=243&hl=en (52)
May 13, 2023 15:27:49.354 [9092:13788:0513/152749.354:ERROR:CONSOLE(52)] "Unchecked runtime.lastError: The message port closed before a response was received.", source: https://ogs.google.com/u/0/widget/app?awv2=1&origin=chrome-untrusted%3A%2F%2Fnew-tab-page&origin=chrome%3A%2F%2Fnew-tab-page&cn=app&pid=1&spid=243&hl=en (52)
May 13, 2023 15:27:49.355 [9092:13788:0513/152749.354:ERROR:CONSOLE(52)] "Unchecked runtime.lastError: The message port closed before a response was received.", source: https://ogs.google.com/u/0/widget/app?awv2=1&origin=chrome-untrusted%3A%2F%2Fnew-tab-page&origin=chrome%3A%2F%2Fnew-tab-page&cn=app&pid=1&spid=243&hl=en (52)
May 13, 2023 15:38:53.56 [25476:15416:0513/153853.056:ERROR:device_event_log_impl.cc(222)] [15:38:53.056] USB: usb_service_win.cc:415 Could not read device interface GUIDs: The system cannot find the file specified. (0x2)
May 13, 2023 16:02:41.641 [25476:18132:0513/160241.641:ERROR:connection_factory_impl.cc(471)] ConnectionHandler failed with net error: -2
May 13, 2023 17:02:03.257 [25476:18132:0513/170203.257:ERROR:connection_factory_impl.cc(471)] ConnectionHandler failed with net error: -2

May 13, 2023 22:37:37.259 NEW SESSION
May 13, 2023 22:37:37.260 [21536:19284:0513/223737.237:ERROR:device_event_log_impl.cc(222)] [22:37:37.237] USB: usb_service_win.cc:415 Could not read device interface GUIDs: The system cannot find the file specified. (0x2)
May 13, 2023 22:38:43.382 [21536:19284:0513/223843.382:ERROR:CONSOLE(52)] "Unchecked runtime.lastError: The message port closed before a response was received.", source: https://ogs.google.com/u/0/widget/app?awv2=1&origin=chrome-untrusted%3A%2F%2Fnew-tab-page&origin=chrome%3A%2F%2Fnew-tab-page&cn=app&pid=1&spid=243&hl=en (52)
May 13, 2023 22:38:43.383 [21536:19284:0513/223843.382:ERROR:CONSOLE(52)] "Unchecked runtime.lastError: The message port closed before a response was received.", source: https://ogs.google.com/u/0/widget/app?awv2=1&origin=chrome-untrusted%3A%2F%2Fnew-tab-page&origin=chrome%3A%2F%2Fnew-tab-page&cn=app&pid=1&spid=243&hl=en (52)
May 13, 2023 22:38:43.383 [21536:19284:0513/223843.382:ERROR:CONSOLE(52)] "Unchecked runtime.lastError: The message port closed before a response was received.", source: https://ogs.google.com/u/0/widget/app?awv2=1&origin=chrome-untrusted%3A%2F%2Fnew-tab-page&origin=chrome%3A%2F%2Fnew-tab-page&cn=app&pid=1&spid=243&hl=en (52)
May 13, 2023 22:38:43.383 [21536:19284:0513/223843.382:ERROR:CONSOLE(52)] "Unchecked runtime.lastError: The message port closed before a response was received.", source: https://ogs.google.com/u/0/widget/app?awv2=1&origin=chrome-untrusted%3A%2F%2Fnew-tab-page&origin=chrome%3A%2F%2Fnew-tab-page&cn=app&pid=1&spid=243&hl=en (52)
May 13, 2023 22:39:21.898 [21536:19284:0513/223921.897:ERROR:CONSOLE(40)] "Unchecked runtime.lastError: The message port closed before a response was received.", source: https://ogs.google.com/u/0/widget/app?awv2=1&origin=chrome-untrusted%3A%2F%2Fnew-tab-page&origin=chrome%3A%2F%2Fnew-tab-page&cn=app&pid=1&spid=243&hl=en (40)
May 13, 2023 22:39:21.898 [21536:19284:0513/223921.898:ERROR:CONSOLE(40)] "Unchecked runtime.lastError: The message port closed before a response was received.", source: https://ogs.google.com/u/0/widget/app?awv2=1&origin=chrome-untrusted%3A%2F%2Fnew-tab-page&origin=chrome%3A%2F%2Fnew-tab-page&cn=app&pid=1&spid=243&hl=en (40)
May 13, 2023 22:39:21.899 [21536:19284:0513/223921.898:ERROR:CONSOLE(40)] "Unchecked runtime.lastError: The message port closed before a response was received.", source: https://ogs.google.com/u/0/widget/app?awv2=1&origin=chrome-untrusted%3A%2F%2Fnew-tab-page&origin=chrome%3A%2F%2Fnew-tab-page&cn=app&pid=1&spid=243&hl=en (40)
May 13, 2023 22:39:21.899 [21536:19284:0513/223921.898:ERROR:CONSOLE(40)] "Unchecked runtime.lastError: The message port closed before a response was received.", source: https://ogs.google.com/u/0/widget/app?awv2=1&origin=chrome-untrusted%3A%2F%2Fnew-tab-page&origin=chrome%3A%2F%2Fnew-tab-page&cn=app&pid=1&spid=243&hl=en (40)
May 13, 2023 22:55:50.539 [21536:19284:0513/225550.538:ERROR:CONSOLE(52)] "Unchecked runtime.lastError: The message port closed before a response was received.", source: https://ogs.google.com/u/0/widget/app?awv2=1&origin=chrome-untrusted%3A%2F%2Fnew-tab-page&origin=chrome%3A%2F%2Fnew-tab-page&cn=app&pid=1&spid=243&hl=en (52)
May 13, 2023 22:55:50.539 [21536:19284:0513/225550.538:ERROR:CONSOLE(52)] "Unchecked runtime.lastError: The message port closed before a response was received.", source: https://ogs.google.com/u/0/widget/app?awv2=1&origin=chrome-untrusted%3A%2F%2Fnew-tab-page&origin=chrome%3A%2F%2Fnew-tab-page&cn=app&pid=1&spid=243&hl=en (52)
May 13, 2023 22:55:50.540 [21536:19284:0513/225550.539:ERROR:CONSOLE(52)] "Unchecked runtime.lastError: The message port closed before a response was received.", source: https://ogs.google.com/u/0/widget/app?awv2=1&origin=chrome-untrusted%3A%2F%2Fnew-tab-page&origin=chrome%3A%2F%2Fnew-tab-page&cn=app&pid=1&spid=243&hl=en (52)
May 13, 2023 22:55:50.540 [21536:19284:0513/225550.539:ERROR:CONSOLE(52)] "Unchecked runtime.lastError: The message port closed before a response was received.", source: https://ogs.google.com/u/0/widget/app?awv2=1&origin=chrome-untrusted%3A%2F%2Fnew-tab-page&origin=chrome%3A%2F%2Fnew-tab-page&cn=app&pid=1&spid=243&hl=en (52)
May 13, 2023 22:57:21.82 [21536:19284:0513/225721.082:ERROR:CONSOLE(52)] "Unchecked runtime.lastError: The message port closed before a response was received.", source: https://ogs.google.com/u/0/widget/app?awv2=1&origin=chrome-untrusted%3A%2F%2Fnew-tab-page&origin=chrome%3A%2F%2Fnew-tab-page&cn=app&pid=1&spid=243&hl=en (52)
May 13, 2023 22:57:21.82 [21536:19284:0513/225721.082:ERROR:CONSOLE(52)] "Unchecked runtime.lastError: The message port closed before a response was received.", source: https://ogs.google.com/u/0/widget/app?awv2=1&origin=chrome-untrusted%3A%2F%2Fnew-tab-page&origin=chrome%3A%2F%2Fnew-tab-page&cn=app&pid=1&spid=243&hl=en (52)
May 13, 2023 22:57:21.83 [21536:19284:0513/225721.082:ERROR:CONSOLE(52)] "Unchecked runtime.lastError: The message port closed before a response was received.", source: https://ogs.google.com/u/0/widget/app?awv2=1&origin=chrome-untrusted%3A%2F%2Fnew-tab-page&origin=chrome%3A%2F%2Fnew-tab-page&cn=app&pid=1&spid=243&hl=en (52)
May 13, 2023 22:57:21.83 [21536:19284:0513/225721.082:ERROR:CONSOLE(52)] "Unchecked runtime.lastError: The message port closed before a response was received.", source: https://ogs.google.com/u/0/widget/app?awv2=1&origin=chrome-untrusted%3A%2F%2Fnew-tab-page&origin=chrome%3A%2F%2Fnew-tab-page&cn=app&pid=1&spid=243&hl=en (52)
May 13, 2023 23:19:51.278 [21536:19284:0513/231951.278:ERROR:CONSOLE(52)] "Unchecked runtime.lastError: The message port closed before a response was received.", source: https://ogs.google.com/u/0/widget/app?awv2=1&origin=chrome-untrusted%3A%2F%2Fnew-tab-page&origin=chrome%3A%2F%2Fnew-tab-page&cn=app&pid=1&spid=243&hl=en (52)
May 13, 2023 23:19:51.278 [21536:19284:0513/231951.278:ERROR:CONSOLE(52)] "Unchecked runtime.lastError: The message port closed before a response was received.", source: https://ogs.google.com/u/0/widget/app?awv2=1&origin=chrome-untrusted%3A%2F%2Fnew-tab-page&origin=chrome%3A%2F%2Fnew-tab-page&cn=app&pid=1&spid=243&hl=en (52)
May 13, 2023 23:19:51.278 [21536:19284:0513/231951.278:ERROR:CONSOLE(52)] "Unchecked runtime.lastError: The message port closed before a response was received.", source: https://ogs.google.com/u/0/widget/app?awv2=1&origin=chrome-untrusted%3A%2F%2Fnew-tab-page&origin=chrome%3A%2F%2Fnew-tab-page&cn=app&pid=1&spid=243&hl=en (52)
May 13, 2023 23:19:51.278 [21536:19284:0513/231951.278:ERROR:CONSOLE(52)] "Unchecked runtime.lastError: The message port closed before a response was received.", source: https://ogs.google.com/u/0/widget/app?awv2=1&origin=chrome-untrusted%3A%2F%2Fnew-tab-page&origin=chrome%3A%2F%2Fnew-tab-page&cn=app&pid=1&spid=243&hl=en (52)
May 13, 2023 23:21:04.808 [21536:19284:0513/232104.806:ERROR:CONSOLE(52)] "Unchecked runtime.lastError: The message port closed before a response was received.", source: https://ogs.google.com/u/0/widget/app?awv2=1&origin=chrome-untrusted%3A%2F%2Fnew-tab-page&origin=chrome%3A%2F%2Fnew-tab-page&cn=app&pid=1&spid=243&hl=en (52)
May 13, 2023 23:21:04.808 [21536:19284:0513/232104.806:ERROR:CONSOLE(52)] "Unchecked runtime.lastError: The message port closed before a response was received.", source: https://ogs.google.com/u/0/widget/app?awv2=1&origin=chrome-untrusted%3A%2F%2Fnew-tab-page&origin=chrome%3A%2F%2Fnew-tab-page&cn=app&pid=1&spid=243&hl=en (52)
May 13, 2023 23:21:04.809 [21536:19284:0513/232104.806:ERROR:CONSOLE(52)] "Unchecked runtime.lastError: The message port closed before a response was received.", source: https://ogs.google.com/u/0/widget/app?awv2=1&origin=chrome-untrusted%3A%2F%2Fnew-tab-page&origin=chrome%3A%2F%2Fnew-tab-page&cn=app&pid=1&spid=243&hl=en (52)
May 13, 2023 23:21:04.809 [21536:19284:0513/232104.806:ERROR:CONSOLE(52)] "Unchecked runtime.lastError: The message port closed before a response was received.", source: https://ogs.google.com/u/0/widget/app?awv2=1&origin=chrome-untrusted%3A%2F%2Fnew-tab-page&origin=chrome%3A%2F%2Fnew-tab-page&cn=app&pid=1&spid=243&hl=en (52)
May 13, 2023 23:21:49.403 [21536:19284:0513/232149.403:ERROR:CONSOLE(52)] "Unchecked runtime.lastError: The message port closed before a response was received.", source: https://ogs.google.com/u/0/widget/app?awv2=1&origin=chrome-untrusted%3A%2F%2Fnew-tab-page&origin=chrome%3A%2F%2Fnew-tab-page&cn=app&pid=1&spid=243&hl=en (52)
May 13, 2023 23:21:49.403 [21536:19284:0513/232149.403:ERROR:CONSOLE(52)] "Unchecked runtime.lastError: The message port closed before a response was received.", source: https://ogs.google.com/u/0/widget/app?awv2=1&origin=chrome-untrusted%3A%2F%2Fnew-tab-page&origin=chrome%3A%2F%2Fnew-tab-page&cn=app&pid=1&spid=243&hl=en (52)
May 13, 2023 23:21:49.405 [21536:19284:0513/232149.403:ERROR:CONSOLE(52)] "Unchecked runtime.lastError: The message port closed before a response was received.", source: https://ogs.google.com/u/0/widget/app?awv2=1&origin=chrome-untrusted%3A%2F%2Fnew-tab-page&origin=chrome%3A%2F%2Fnew-tab-page&cn=app&pid=1&spid=243&hl=en (52)
May 13, 2023 23:21:49.405 [21536:19284:0513/232149.403:ERROR:CONSOLE(52)] "Unchecked runtime.lastError: The message port closed before a response was received.", source: https://ogs.google.com/u/0/widget/app?awv2=1&origin=chrome-untrusted%3A%2F%2Fnew-tab-page&origin=chrome%3A%2F%2Fnew-tab-page&cn=app&pid=1&spid=243&hl=en (52)

May 14, 2023 09:16:57.622 NEW SESSION
May 14, 2023 09:16:57.623 [22572:23528:0514/091657.621:ERROR:device_event_log_impl.cc(222)] [09:16:57.620] USB: usb_service_win.cc:415 Could not read device interface GUIDs: The system cannot find the file specified. (0x2)
May 14, 2023 09:17:42.759 [24128:21528:0514/091742.759:ERROR:device_event_log_impl.cc(222)] [09:17:42.758] USB: usb_service_win.cc:415 Could not read device interface GUIDs: The system cannot find the file specified. (0x2)
May 14, 2023 09:23:55.273 [24128:21528:0514/092355.273:ERROR:CONSOLE(16)] "Unchecked runtime.lastError: The message port closed before a response was received.", source: https://www.google.com/logos/2023/storybook/mothersday23-51223-253316372/mothersday23.253316372.html?hl=en-GB&gl=IN&ntp=2&theme_messages=0 (16)
May 14, 2023 09:23:55.273 [24128:21528:0514/092355.273:ERROR:CONSOLE(16)] "Unchecked runtime.lastError: The message port closed before a response was received.", source: https://www.google.com/logos/2023/storybook/mothersday23-51223-253316372/mothersday23.253316372.html?hl=en-GB&gl=IN&ntp=2&theme_messages=0 (16)
May 14, 2023 09:23:55.274 [24128:21528:0514/092355.273:ERROR:CONSOLE(16)] "Unchecked runtime.lastError: The message port closed before a response was received.", source: https://www.google.com/logos/2023/storybook/mothersday23-51223-253316372/mothersday23.253316372.html?hl=en-GB&gl=IN&ntp=2&theme_messages=0 (16)
May 14, 2023 09:23:55.282 [24128:21528:0514/092355.281:ERROR:CONSOLE(0)] "Unchecked runtime.lastError: The message port closed before a response was received.", source: https://www.google.com/logos/2023/storybook/mothersday23-51223-253316372/mothersday23.253316372.html?hl=en-GB&gl=IN&ntp=2&theme_messages=0 (0)
May 14, 2023 09:36:06.375 [24128:22804:0514/093606.375:ERROR:connection_factory_impl.cc(471)] ConnectionHandler failed with net error: -2
May 14, 2023 09:36:08.405 [24128:22804:0514/093608.405:ERROR:connection_factory_impl.cc(428)] Failed to connect to MCS endpoint with error -106
May 14, 2023 09:36:38.175 [24128:22804:0514/093638.174:ERROR:connection_factory_impl.cc(428)] Failed to connect to MCS endpoint with error -106
May 14, 2023 09:37:30.507 [24128:22804:0514/093730.507:ERROR:connection_factory_impl.cc(428)] Failed to connect to MCS endpoint with error -106
May 14, 2023 10:15:37.421 [24128:21528:0514/101537.421:ERROR:CONSOLE(0)] "Unchecked runtime.lastError: The message port closed before a response was received.", source: https://www.google.com/logos/2023/storybook/mothersday23-51223-253316372/mothersday23.253316372.html?hl=en-GB&gl=IN&ntp=2&theme_messages=0 (0)
May 14, 2023 10:15:37.421 [24128:21528:0514/101537.421:ERROR:CONSOLE(0)] "Unchecked runtime.lastError: The message port closed before a response was received.", source: https://www.google.com/logos/2023/storybook/mothersday23-51223-253316372/mothersday23.253316372.html?hl=en-GB&gl=IN&ntp=2&theme_messages=0 (0)
May 14, 2023 10:15:37.422 [24128:21528:0514/101537.421:ERROR:CONSOLE(0)] "Unchecked runtime.lastError: The message port closed before a response was received.", source: https://www.google.com/logos/2023/storybook/mothersday23-51223-253316372/mothersday23.253316372.html?hl=en-GB&gl=IN&ntp=2&theme_messages=0 (0)
May 14, 2023 10:15:37.422 [24128:21528:0514/101537.421:ERROR:CONSOLE(0)] "Unchecked runtime.lastError: The message port closed before a response was received.", source: https://www.google.com/logos/2023/storybook/mothersday23-51223-253316372/mothersday23.253316372.html?hl=en-GB&gl=IN&ntp=2&theme_messages=0 (0)
May 14, 2023 10:15:43.554 [24128:21528:0514/101543.554:ERROR:CONSOLE(52)] "Unchecked runtime.lastError: The message port closed before a response was received.", source: https://ogs.google.com/u/0/widget/app?awv2=1&origin=chrome-untrusted%3A%2F%2Fnew-tab-page&origin=chrome%3A%2F%2Fnew-tab-page&cn=app&pid=1&spid=243&hl=en (52)
May 14, 2023 10:15:43.555 [24128:21528:0514/101543.554:ERROR:CONSOLE(52)] "Unchecked runtime.lastError: The message port closed before a response was received.", source: https://ogs.google.com/u/0/widget/app?awv2=1&origin=chrome-untrusted%3A%2F%2Fnew-tab-page&origin=chrome%3A%2F%2Fnew-tab-page&cn=app&pid=1&spid=243&hl=en (52)
May 14, 2023 10:15:43.555 [24128:21528:0514/101543.554:ERROR:CONSOLE(52)] "Unchecked runtime.lastError: The message port closed before a response was received.", source: https://ogs.google.com/u/0/widget/app?awv2=1&origin=chrome-untrusted%3A%2F%2Fnew-tab-page&origin=chrome%3A%2F%2Fnew-tab-page&cn=app&pid=1&spid=243&hl=en (52)
May 14, 2023 10:15:43.555 [24128:21528:0514/101543.554:ERROR:CONSOLE(52)] "Unchecked runtime.lastError: The message port closed before a response was received.", source: https://ogs.google.com/u/0/widget/app?awv2=1&origin=chrome-untrusted%3A%2F%2Fnew-tab-page&origin=chrome%3A%2F%2Fnew-tab-page&cn=app&pid=1&spid=243&hl=en (52)
May 14, 2023 10:17:24.621 [24128:21528:0514/101724.620:ERROR:CONSOLE(47)] "Unchecked runtime.lastError: The message port closed before a response was received.", source: https://www.google.com/logos/2023/storybook/mothersday23-51223-253316372/mothersday23.253316372.html?hl=en-GB&gl=IN&ntp=2&theme_messages=0 (47)
May 14, 2023 10:17:24.621 [24128:21528:0514/101724.620:ERROR:CONSOLE(47)] "Unchecked runtime.lastError: The message port closed before a response was received.", source: https://www.google.com/logos/2023/storybook/mothersday23-51223-253316372/mothersday23.253316372.html?hl=en-GB&gl=IN&ntp=2&theme_messages=0 (47)
May 14, 2023 10:17:24.622 [24128:21528:0514/101724.620:ERROR:CONSOLE(47)] "Unchecked runtime.lastError: The message port closed before a response was received.", source: https://www.google.com/logos/2023/storybook/mothersday23-51223-253316372/mothersday23.253316372.html?hl=en-GB&gl=IN&ntp=2&theme_messages=0 (47)
May 14, 2023 10:17:24.622 [24128:21528:0514/101724.620:ERROR:CONSOLE(47)] "Unchecked runtime.lastError: The message port closed before a response was received.", source: https://www.google.com/logos/2023/storybook/mothersday23-51223-253316372/mothersday23.253316372.html?hl=en-GB&gl=IN&ntp=2&theme_messages=0 (47)
May 14, 2023 10:17:28.923 [24128:21528:0514/101728.923:ERROR:CONSOLE(5)] "Unchecked runtime.lastError: The message port closed before a response was received.", source: https://ogs.google.com/u/0/widget/app?awv2=1&origin=chrome-untrusted%3A%2F%2Fnew-tab-page&origin=chrome%3A%2F%2Fnew-tab-page&cn=app&pid=1&spid=243&hl=en (5)
May 14, 2023 10:17:28.923 [24128:21528:0514/101728.923:ERROR:CONSOLE(5)] "Unchecked runtime.lastError: The message port closed before a response was received.", source: https://ogs.google.com/u/0/widget/app?awv2=1&origin=chrome-untrusted%3A%2F%2Fnew-tab-page&origin=chrome%3A%2F%2Fnew-tab-page&cn=app&pid=1&spid=243&hl=en (5)
May 14, 2023 10:17:28.924 [24128:21528:0514/101728.923:ERROR:CONSOLE(5)] "Unchecked runtime.lastError: The message port closed before a response was received.", source: https://ogs.google.com/u/0/widget/app?awv2=1&origin=chrome-untrusted%3A%2F%2Fnew-tab-page&origin=chrome%3A%2F%2Fnew-tab-page&cn=app&pid=1&spid=243&hl=en (5)
May 14, 2023 10:17:28.924 [24128:21528:0514/101728.923:ERROR:CONSOLE(5)] "Unchecked runtime.lastError: The message port closed before a response was received.", source: https://ogs.google.com/u/0/widget/app?awv2=1&origin=chrome-untrusted%3A%2F%2Fnew-tab-page&origin=chrome%3A%2F%2Fnew-tab-page&cn=app&pid=1&spid=243&hl=en (5)
May 14, 2023 10:19:29.655 [24128:21528:0514/101929.655:ERROR:CONSOLE(26)] "Unchecked runtime.lastError: The message port closed before a response was received.", source: https://www.google.com/logos/2023/storybook/mothersday23-51223-253316372/mothersday23.253316372.html?hl=en-GB&gl=IN&ntp=2&theme_messages=0 (26)
May 14, 2023 10:19:29.657 [24128:21528:0514/101929.655:ERROR:CONSOLE(26)] "Unchecked runtime.lastError: The message port closed before a response was received.", source: https://www.google.com/logos/2023/storybook/mothersday23-51223-253316372/mothersday23.253316372.html?hl=en-GB&gl=IN&ntp=2&theme_messages=0 (26)
May 14, 2023 10:19:29.657 [24128:21528:0514/101929.657:ERROR:CONSOLE(26)] "Unchecked runtime.lastError: The message port closed before a response was received.", source: https://www.google.com/logos/2023/storybook/mothersday23-51223-253316372/mothersday23.253316372.html?hl=en-GB&gl=IN&ntp=2&theme_messages=0 (26)
May 14, 2023 10:19:29.658 [24128:21528:0514/101929.657:ERROR:CONSOLE(26)] "Unchecked runtime.lastError: The message port closed before a response was received.", source: https://www.google.com/logos/2023/storybook/mothersday23-51223-253316372/mothersday23.253316372.html?hl=en-GB&gl=IN&ntp=2&theme_messages=0 (26)
May 14, 2023 10:19:33.950 [24128:21528:0514/101933.950:ERROR:CONSOLE(5)] "Unchecked runtime.lastError: The message port closed before a response was received.", source: https://ogs.google.com/u/0/widget/app?awv2=1&origin=chrome-untrusted%3A%2F%2Fnew-tab-page&origin=chrome%3A%2F%2Fnew-tab-page&cn=app&pid=1&spid=243&hl=en (5)
May 14, 2023 10:19:33.951 [24128:21528:0514/101933.950:ERROR:CONSOLE(5)] "Unchecked runtime.lastError: The message port closed before a response was received.", source: https://ogs.google.com/u/0/widget/app?awv2=1&origin=chrome-untrusted%3A%2F%2Fnew-tab-page&origin=chrome%3A%2F%2Fnew-tab-page&cn=app&pid=1&spid=243&hl=en (5)
May 14, 2023 10:19:33.951 [24128:21528:0514/101933.950:ERROR:CONSOLE(5)] "Unchecked runtime.lastError: The message port closed before a response was received.", source: https://ogs.google.com/u/0/widget/app?awv2=1&origin=chrome-untrusted%3A%2F%2Fnew-tab-page&origin=chrome%3A%2F%2Fnew-tab-page&cn=app&pid=1&spid=243&hl=en (5)
May 14, 2023 10:19:33.951 [24128:21528:0514/101933.950:ERROR:CONSOLE(5)] "Unchecked runtime.lastError: The message port closed before a response was received.", source: https://ogs.google.com/u/0/widget/app?awv2=1&origin=chrome-untrusted%3A%2F%2Fnew-tab-page&origin=chrome%3A%2F%2Fnew-tab-page&cn=app&pid=1&spid=243&hl=en (5)
May 14, 2023 10:23:10.308 [24128:21528:0514/102310.308:ERROR:CONSOLE(0)] "Unchecked runtime.lastError: The message port closed before a response was received.", source: https://www.google.com/logos/2023/storybook/mothersday23-51223-253316372/mothersday23.253316372.html?hl=en-GB&gl=IN&ntp=2&theme_messages=0 (0)
May 14, 2023 10:23:10.309 [24128:21528:0514/102310.308:ERROR:CONSOLE(0)] "Unchecked runtime.lastError: The message port closed before a response was received.", source: https://www.google.com/logos/2023/storybook/mothersday23-51223-253316372/mothersday23.253316372.html?hl=en-GB&gl=IN&ntp=2&theme_messages=0 (0)
May 14, 2023 10:23:10.309 [24128:21528:0514/102310.308:ERROR:CONSOLE(0)] "Unchecked runtime.lastError: The message port closed before a response was received.", source: https://www.google.com/logos/2023/storybook/mothersday23-51223-253316372/mothersday23.253316372.html?hl=en-GB&gl=IN&ntp=2&theme_messages=0 (0)
May 14, 2023 10:23:10.310 [24128:21528:0514/102310.309:ERROR:CONSOLE(0)] "Unchecked runtime.lastError: The message port closed before a response was received.", source: https://www.google.com/logos/2023/storybook/mothersday23-51223-253316372/mothersday23.253316372.html?hl=en-GB&gl=IN&ntp=2&theme_messages=0 (0)
May 14, 2023 10:23:14.700 [24128:21528:0514/102314.700:ERROR:CONSOLE(52)] "Unchecked runtime.lastError: The message port closed before a response was received.", source: https://ogs.google.com/u/0/widget/app?awv2=1&origin=chrome-untrusted%3A%2F%2Fnew-tab-page&origin=chrome%3A%2F%2Fnew-tab-page&cn=app&pid=1&spid=243&hl=en (52)
May 14, 2023 10:23:14.701 [24128:21528:0514/102314.700:ERROR:CONSOLE(52)] "Unchecked runtime.lastError: The message port closed before a response was received.", source: https://ogs.google.com/u/0/widget/app?awv2=1&origin=chrome-untrusted%3A%2F%2Fnew-tab-page&origin=chrome%3A%2F%2Fnew-tab-page&cn=app&pid=1&spid=243&hl=en (52)
May 14, 2023 10:23:14.701 [24128:21528:0514/102314.700:ERROR:CONSOLE(52)] "Unchecked runtime.lastError: The message port closed before a response was received.", source: https://ogs.google.com/u/0/widget/app?awv2=1&origin=chrome-untrusted%3A%2F%2Fnew-tab-page&origin=chrome%3A%2F%2Fnew-tab-page&cn=app&pid=1&spid=243&hl=en (52)
May 14, 2023 10:23:14.702 [24128:21528:0514/102314.701:ERROR:CONSOLE(52)] "Unchecked runtime.lastError: The message port closed before a response was received.", source: https://ogs.google.com/u/0/widget/app?awv2=1&origin=chrome-untrusted%3A%2F%2Fnew-tab-page&origin=chrome%3A%2F%2Fnew-tab-page&cn=app&pid=1&spid=243&hl=en (52)
May 14, 2023 10:44:55.75 [24128:21528:0514/104455.074:ERROR:CONSOLE(17)] "Unchecked runtime.lastError: The message port closed before a response was received.", source: https://www.google.com/logos/2023/storybook/mothersday23-51223-253316372/mothersday23.253316372.html?hl=en-GB&gl=IN&ntp=2&theme_messages=0 (17)
May 14, 2023 10:44:55.75 [24128:21528:0514/104455.075:ERROR:CONSOLE(17)] "Unchecked runtime.lastError: The message port closed before a response was received.", source: https://www.google.com/logos/2023/storybook/mothersday23-51223-253316372/mothersday23.253316372.html?hl=en-GB&gl=IN&ntp=2&theme_messages=0 (17)
May 14, 2023 10:44:55.75 [24128:21528:0514/104455.075:ERROR:CONSOLE(17)] "Unchecked runtime.lastError: The message port closed before a response was received.", source: https://www.google.com/logos/2023/storybook/mothersday23-51223-253316372/mothersday23.253316372.html?hl=en-GB&gl=IN&ntp=2&theme_messages=0 (17)
May 14, 2023 10:44:55.75 [24128:21528:0514/104455.075:ERROR:CONSOLE(17)] "Unchecked runtime.lastError: The message port closed before a response was received.", source: https://www.google.com/logos/2023/storybook/mothersday23-51223-253316372/mothersday23.253316372.html?hl=en-GB&gl=IN&ntp=2&theme_messages=0 (17)
May 14, 2023 10:45:01.04 [24128:21528:0514/104501.004:ERROR:CONSOLE(52)] "Unchecked runtime.lastError: The message port closed before a response was received.", source: https://ogs.google.com/u/0/widget/app?awv2=1&origin=chrome-untrusted%3A%2F%2Fnew-tab-page&origin=chrome%3A%2F%2Fnew-tab-page&cn=app&pid=1&spid=243&hl=en (52)
May 14, 2023 10:45:01.05 [24128:21528:0514/104501.005:ERROR:CONSOLE(52)] "Unchecked runtime.lastError: The message port closed before a response was received.", source: https://ogs.google.com/u/0/widget/app?awv2=1&origin=chrome-untrusted%3A%2F%2Fnew-tab-page&origin=chrome%3A%2F%2Fnew-tab-page&cn=app&pid=1&spid=243&hl=en (52)
May 14, 2023 10:45:01.05 [24128:21528:0514/104501.005:ERROR:CONSOLE(52)] "Unchecked runtime.lastError: The message port closed before a response was received.", source: https://ogs.google.com/u/0/widget/app?awv2=1&origin=chrome-untrusted%3A%2F%2Fnew-tab-page&origin=chrome%3A%2F%2Fnew-tab-page&cn=app&pid=1&spid=243&hl=en (52)
May 14, 2023 10:45:01.05 [24128:21528:0514/104501.005:ERROR:CONSOLE(52)] "Unchecked runtime.lastError: The message port closed before a response was received.", source: https://ogs.google.com/u/0/widget/app?awv2=1&origin=chrome-untrusted%3A%2F%2Fnew-tab-page&origin=chrome%3A%2F%2Fnew-tab-page&cn=app&pid=1&spid=243&hl=en (52)
May 14, 2023 10:46:43.734 [20352:23248:0514/104643.734:ERROR:device_event_log_impl.cc(222)] [10:46:43.734] USB: usb_service_win.cc:415 Could not read device interface GUIDs: The system cannot find the file specified. (0x2)
May 14, 2023 10:56:00.242 [20352:13956:0514/105600.242:ERROR:connection_factory_impl.cc(428)] Failed to connect to MCS endpoint with error -105
May 14, 2023 11:04:58.381 [20352:13956:0514/110458.380:ERROR:connection_factory_impl.cc(471)] ConnectionHandler failed with net error: -2
May 14, 2023 11:50:56.311 [20352:13956:0514/115056.311:ERROR:connection_factory_impl.cc(471)] ConnectionHandler failed with net error: -2
May 14, 2023 11:50:58.823 [20352:23248:0514/115058.823:ERROR:device_event_log_impl.cc(222)] [11:50:58.823] USB: usb_service_win.cc:104 SetupDiGetDeviceProperty({{A45C254E-DF1C-4EFD-8020-67D146A850E0}, 6}) failed: Element not found. (0x490)
May 14, 2023 11:51:09.668 [20352:22784:0514/115109.668:ERROR:get_updates_processor.cc(264)] PostClientToServerMessage() failed during GetUpdates with error 2
May 14, 2023 11:51:33.858 [20352:23248:0514/115133.857:ERROR:CONSOLE(0)] "Unchecked runtime.lastError: The message port closed before a response was received.", source: https://www.google.com/logos/2023/storybook/mothersday23-51223-253316372/mothersday23.253316372.html?hl=en-GB&gl=IN&ntp=2&theme_messages=0 (0)
May 14, 2023 11:51:33.858 [20352:23248:0514/115133.857:ERROR:CONSOLE(0)] "Unchecked runtime.lastError: The message port closed before a response was received.", source: https://www.google.com/logos/2023/storybook/mothersday23-51223-253316372/mothersday23.253316372.html?hl=en-GB&gl=IN&ntp=2&theme_messages=0 (0)
May 14, 2023 11:51:33.858 [20352:23248:0514/115133.857:ERROR:CONSOLE(0)] "Unchecked runtime.lastError: The message port closed before a response was received.", source: https://www.google.com/logos/2023/storybook/mothersday23-51223-253316372/mothersday23.253316372.html?hl=en-GB&gl=IN&ntp=2&theme_messages=0 (0)
May 14, 2023 11:51:33.858 [20352:23248:0514/115133.857:ERROR:CONSOLE(0)] "Unchecked runtime.lastError: The message port closed before a response was received.", source: https://www.google.com/logos/2023/storybook/mothersday23-51223-253316372/mothersday23.253316372.html?hl=en-GB&gl=IN&ntp=2&theme_messages=0 (0)
May 14, 2023 11:51:38.581 [20352:23248:0514/115138.581:ERROR:CONSOLE(2)] "Unchecked runtime.lastError: The message port closed before a response was received.", source: https://ogs.google.com/u/0/widget/app?awv2=1&origin=chrome-untrusted%3A%2F%2Fnew-tab-page&origin=chrome%3A%2F%2Fnew-tab-page&cn=app&pid=1&spid=243&hl=en (2)
May 14, 2023 11:51:38.581 [20352:23248:0514/115138.581:ERROR:CONSOLE(2)] "Unchecked runtime.lastError: The message port closed before a response was received.", source: https://ogs.google.com/u/0/widget/app?awv2=1&origin=chrome-untrusted%3A%2F%2Fnew-tab-page&origin=chrome%3A%2F%2Fnew-tab-page&cn=app&pid=1&spid=243&hl=en (2)
May 14, 2023 11:51:38.581 [20352:23248:0514/115138.581:ERROR:CONSOLE(2)] "Unchecked runtime.lastError: The message port closed before a response was received.", source: https://ogs.google.com/u/0/widget/app?awv2=1&origin=chrome-untrusted%3A%2F%2Fnew-tab-page&origin=chrome%3A%2F%2Fnew-tab-page&cn=app&pid=1&spid=243&hl=en (2)
May 14, 2023 11:51:38.582 [20352:23248:0514/115138.581:ERROR:CONSOLE(2)] "Unchecked runtime.lastError: The message port closed before a response was received.", source: https://ogs.google.com/u/0/widget/app?awv2=1&origin=chrome-untrusted%3A%2F%2Fnew-tab-page&origin=chrome%3A%2F%2Fnew-tab-page&cn=app&pid=1&spid=243&hl=en (2)
May 14, 2023 11:53:52.704 [20352:23248:0514/115352.704:ERROR:CONSOLE(0)] "Unchecked runtime.lastError: The message port closed before a response was received.", source: https://www.google.com/logos/2023/storybook/mothersday23-51223-253316372/mothersday23.253316372.html?hl=en-GB&gl=IN&ntp=2&theme_messages=0 (0)
May 14, 2023 11:53:52.704 [20352:23248:0514/115352.704:ERROR:CONSOLE(0)] "Unchecked runtime.lastError: The message port closed before a response was received.", source: https://www.google.com/logos/2023/storybook/mothersday23-51223-253316372/mothersday23.253316372.html?hl=en-GB&gl=IN&ntp=2&theme_messages=0 (0)
May 14, 2023 11:53:52.705 [20352:23248:0514/115352.704:ERROR:CONSOLE(0)] "Unchecked runtime.lastError: The message port closed before a response was received.", source: https://www.google.com/logos/2023/storybook/mothersday23-51223-253316372/mothersday23.253316372.html?hl=en-GB&gl=IN&ntp=2&theme_messages=0 (0)
May 14, 2023 11:53:52.705 [20352:23248:0514/115352.704:ERROR:CONSOLE(0)] "Unchecked runtime.lastError: The message port closed before a response was received.", source: https://www.google.com/logos/2023/storybook/mothersday23-51223-253316372/mothersday23.253316372.html?hl=en-GB&gl=IN&ntp=2&theme_messages=0 (0)
May 14, 2023 11:53:57.500 [20352:23248:0514/115357.499:ERROR:CONSOLE(5)] "Unchecked runtime.lastError: The message port closed before a response was received.", source: https://ogs.google.com/u/0/widget/app?awv2=1&origin=chrome-untrusted%3A%2F%2Fnew-tab-page&origin=chrome%3A%2F%2Fnew-tab-page&cn=app&pid=1&spid=243&hl=en (5)
May 14, 2023 11:53:57.500 [20352:23248:0514/115357.499:ERROR:CONSOLE(5)] "Unchecked runtime.lastError: The message port closed before a response was received.", source: https://ogs.google.com/u/0/widget/app?awv2=1&origin=chrome-untrusted%3A%2F%2Fnew-tab-page&origin=chrome%3A%2F%2Fnew-tab-page&cn=app&pid=1&spid=243&hl=en (5)
May 14, 2023 11:53:57.500 [20352:23248:0514/115357.499:ERROR:CONSOLE(5)] "Unchecked runtime.lastError: The message port closed before a response was received.", source: https://ogs.google.com/u/0/widget/app?awv2=1&origin=chrome-untrusted%3A%2F%2Fnew-tab-page&origin=chrome%3A%2F%2Fnew-tab-page&cn=app&pid=1&spid=243&hl=en (5)
May 14, 2023 11:53:57.500 [20352:23248:0514/115357.499:ERROR:CONSOLE(5)] "Unchecked runtime.lastError: The message port closed before a response was received.", source: https://ogs.google.com/u/0/widget/app?awv2=1&origin=chrome-untrusted%3A%2F%2Fnew-tab-page&origin=chrome%3A%2F%2Fnew-tab-page&cn=app&pid=1&spid=243&hl=en (5)
May 14, 2023 12:05:12.562 [12436:5336:0514/120512.562:ERROR:device_event_log_impl.cc(222)] [12:05:12.561] USB: usb_service_win.cc:415 Could not read device interface GUIDs: The system cannot find the file specified. (0x2)
May 14, 2023 12:18:16.132 [12436:5336:0514/121816.132:ERROR:CONSOLE(52)] "Unchecked runtime.lastError: The message port closed before a response was received.", source: https://ogs.google.com/u/0/widget/app?awv2=1&origin=chrome-untrusted%3A%2F%2Fnew-tab-page&origin=chrome%3A%2F%2Fnew-tab-page&cn=app&pid=1&spid=243&hl=en (52)
May 14, 2023 12:18:16.132 [12436:5336:0514/121816.132:ERROR:CONSOLE(52)] "Unchecked runtime.lastError: The message port closed before a response was received.", source: https://ogs.google.com/u/0/widget/app?awv2=1&origin=chrome-untrusted%3A%2F%2Fnew-tab-page&origin=chrome%3A%2F%2Fnew-tab-page&cn=app&pid=1&spid=243&hl=en (52)
May 14, 2023 12:18:16.132 [12436:5336:0514/121816.132:ERROR:CONSOLE(52)] "Unchecked runtime.lastError: The message port closed before a response was received.", source: https://ogs.google.com/u/0/widget/app?awv2=1&origin=chrome-untrusted%3A%2F%2Fnew-tab-page&origin=chrome%3A%2F%2Fnew-tab-page&cn=app&pid=1&spid=243&hl=en (52)
May 14, 2023 12:18:16.132 [12436:5336:0514/121816.132:ERROR:CONSOLE(52)] "Unchecked runtime.lastError: The message port closed before a response was received.", source: https://ogs.google.com/u/0/widget/app?awv2=1&origin=chrome-untrusted%3A%2F%2Fnew-tab-page&origin=chrome%3A%2F%2Fnew-tab-page&cn=app&pid=1&spid=243&hl=en (52)
May 14, 2023 12:20:26.570 [12436:18668:0514/122026.570:ERROR:connection_factory_impl.cc(471)] ConnectionHandler failed with net error: -2
May 14, 2023 12:20:28.589 [12436:18668:0514/122028.589:ERROR:connection_factory_impl.cc(428)] Failed to connect to MCS endpoint with error -106
May 14, 2023 12:20:29.86 [12436:18668:0514/122029.086:ERROR:connection_factory_impl.cc(428)] Failed to connect to MCS endpoint with error -106
May 14, 2023 12:21:20.832 [12436:18668:0514/122120.831:ERROR:connection_factory_impl.cc(428)] Failed to connect to MCS endpoint with error -106
May 14, 2023 12:40:30.620 [12436:18668:0514/124030.620:ERROR:connection_factory_impl.cc(471)] ConnectionHandler failed with net error: -2
May 14, 2023 12:41:03.56 [12436:18668:0514/124103.056:ERROR:connection_factory_impl.cc(471)] ConnectionHandler failed with net error: -2
May 14, 2023 13:09:05.76 [12436:18668:0514/130905.075:ERROR:connection_factory_impl.cc(428)] Failed to connect to MCS endpoint with error -105
May 14, 2023 13:09:06.24 [12436:5336:0514/130906.024:ERROR:device_event_log_impl.cc(222)] [13:09:06.011] USB: usb_service_win.cc:415 Could not read device interface GUIDs: The system cannot find the file specified. (0x2)
May 14, 2023 13:09:06.25 [12436:5336:0514/130906.024:ERROR:device_event_log_impl.cc(222)] [13:09:06.017] USB: usb_service_win.cc:104 SetupDiGetDeviceProperty({{A45C254E-DF1C-4EFD-8020-67D146A850E0}, 6}) failed: Element not found. (0x490)
May 14, 2023 13:09:06.26 [12436:5336:0514/130906.026:ERROR:device_event_log_impl.cc(222)] [13:09:06.021] USB: usb_service_win.cc:307 SetupDiEnumDeviceInterfaces: No more data is available. (0x103)
May 14, 2023 13:09:06.115 [12436:5336:0514/130906.115:ERROR:device_event_log_impl.cc(222)] [13:09:06.115] USB: usb_service_win.cc:104 SetupDiGetDeviceProperty({{A45C254E-DF1C-4EFD-8020-67D146A850E0}, 6}) failed: Element not found. (0x490)
May 14, 2023 13:09:10.41 [12436:18668:0514/130910.041:ERROR:connection_factory_impl.cc(471)] ConnectionHandler failed with net error: -2
May 14, 2023 14:19:13.506 [12436:18668:0514/140057.178:ERROR:connection_factory_impl.cc(471)] ConnectionHandler failed with net error: -2
May 14, 2023 14:19:13.781 [12436:18668:0514/141913.780:ERROR:connection_factory_impl.cc(428)] Failed to connect to MCS endpoint with error -105
May 14, 2023 14:19:14.632 [12436:5336:0514/141914.632:ERROR:device_event_log_impl.cc(222)] [14:19:14.613] USB: usb_service_win.cc:104 SetupDiGetDeviceProperty({{A45C254E-DF1C-4EFD-8020-67D146A850E0}, 6}) failed: Element not found. (0x490)
May 14, 2023 14:19:14.636 [12436:5336:0514/141914.634:ERROR:device_event_log_impl.cc(222)] [14:19:14.617] USB: usb_service_win.cc:307 SetupDiEnumDeviceInterfaces: No more data is available. (0x103)
May 14, 2023 14:19:14.637 [12436:5336:0514/141914.635:ERROR:device_event_log_impl.cc(222)] [14:19:14.622] USB: usb_service_win.cc:415 Could not read device interface GUIDs: The system cannot find the file specified. (0x2)
May 14, 2023 14:19:14.937 [12436:5336:0514/141914.937:ERROR:device_event_log_impl.cc(222)] [14:19:14.756] USB: usb_service_win.cc:104 SetupDiGetDeviceProperty({{A45C254E-DF1C-4EFD-8020-67D146A850E0}, 6}) failed: Element not found. (0x490)
May 14, 2023 14:19:14.958 [12436:5336:0514/141914.958:ERROR:device_event_log_impl.cc(222)] [14:19:14.813] USB: usb_service_win.cc:104 SetupDiGetDeviceProperty({{A45C254E-DF1C-4EFD-8020-67D146A850E0}, 6}) failed: Element not found. (0x490)
May 14, 2023 14:23:02.248 [12436:5336:0514/142302.248:ERROR:CONSOLE(26)] "Unchecked runtime.lastError: The message port closed before a response was received.", source: https://www.google.com/logos/2023/storybook/mothersday23-51223-253316372/mothersday23.253316372.html?hl=en-GB&gl=IN&ntp=2&theme_messages=0 (26)
May 14, 2023 14:23:02.249 [12436:5336:0514/142302.248:ERROR:CONSOLE(26)] "Unchecked runtime.lastError: The message port closed before a response was received.", source: https://www.google.com/logos/2023/storybook/mothersday23-51223-253316372/mothersday23.253316372.html?hl=en-GB&gl=IN&ntp=2&theme_messages=0 (26)
May 14, 2023 14:23:02.249 [12436:5336:0514/142302.248:ERROR:CONSOLE(26)] "Unchecked runtime.lastError: The message port closed before a response was received.", source: https://www.google.com/logos/2023/storybook/mothersday23-51223-253316372/mothersday23.253316372.html?hl=en-GB&gl=IN&ntp=2&theme_messages=0 (26)
May 14, 2023 14:23:02.250 [12436:5336:0514/142302.248:ERROR:CONSOLE(26)] "Unchecked runtime.lastError: The message port closed before a response was received.", source: https://www.google.com/logos/2023/storybook/mothersday23-51223-253316372/mothersday23.253316372.html?hl=en-GB&gl=IN&ntp=2&theme_messages=0 (26)
May 14, 2023 14:23:06.602 [12436:5336:0514/142306.602:ERROR:CONSOLE(52)] "Unchecked runtime.lastError: The message port closed before a response was received.", source: https://ogs.google.com/u/0/widget/app?awv2=1&origin=chrome-untrusted%3A%2F%2Fnew-tab-page&origin=chrome%3A%2F%2Fnew-tab-page&cn=app&pid=1&spid=243&hl=en (52)
May 14, 2023 14:23:06.603 [12436:5336:0514/142306.602:ERROR:CONSOLE(52)] "Unchecked runtime.lastError: The message port closed before a response was received.", source: https://ogs.google.com/u/0/widget/app?awv2=1&origin=chrome-untrusted%3A%2F%2Fnew-tab-page&origin=chrome%3A%2F%2Fnew-tab-page&cn=app&pid=1&spid=243&hl=en (52)
May 14, 2023 14:23:06.604 [12436:5336:0514/142306.603:ERROR:CONSOLE(52)] "Unchecked runtime.lastError: The message port closed before a response was received.", source: https://ogs.google.com/u/0/widget/app?awv2=1&origin=chrome-untrusted%3A%2F%2Fnew-tab-page&origin=chrome%3A%2F%2Fnew-tab-page&cn=app&pid=1&spid=243&hl=en (52)
May 14, 2023 14:23:06.604 [12436:5336:0514/142306.603:ERROR:CONSOLE(52)] "Unchecked runtime.lastError: The message port closed before a response was received.", source: https://ogs.google.com/u/0/widget/app?awv2=1&origin=chrome-untrusted%3A%2F%2Fnew-tab-page&origin=chrome%3A%2F%2Fnew-tab-page&cn=app&pid=1&spid=243&hl=en (52)

May 15, 2023 11:06:55.252 NEW SESSION
May 15, 2023 11:06:55.252 [9804:7720:0515/110655.251:ERROR:device_event_log_impl.cc(222)] [11:06:55.251] USB: usb_service_win.cc:415 Could not read device interface GUIDs: The system cannot find the file specified. (0x2)
May 15, 2023 11:30:10.940 [9804:14268:0515/113010.940:ERROR:connection_factory_impl.cc(471)] ConnectionHandler failed with net error: -2
May 15, 2023 11:34:19.818 [9804:14268:0515/113419.818:ERROR:connection_factory_impl.cc(428)] Failed to connect to MCS endpoint with error -7
May 15, 2023 11:36:01.783 [9804:14268:0515/113601.783:ERROR:connection_factory_impl.cc(471)] ConnectionHandler failed with net error: -2

May 16, 2023 07:00:59.702 NEW SESSION
May 16, 2023 07:00:59.702 [21760:18796:0516/070059.699:ERROR:device_event_log_impl.cc(222)] [07:00:59.699] USB: usb_service_win.cc:415 Could not read device interface GUIDs: The system cannot find the file specified. (0x2)
May 16, 2023 07:03:05.257 [20664:7448:0516/070305.256:ERROR:device_event_log_impl.cc(222)] [07:03:05.255] USB: usb_service_win.cc:415 Could not read device interface GUIDs: The system cannot find the file specified. (0x2)

May 16, 2023 07:19:19.696 NEW SESSION
May 16, 2023 07:19:19.696 [9320:9356:0516/071919.694:ERROR:device_event_log_impl.cc(222)] [07:19:19.694] USB: usb_service_win.cc:415 Could not read device interface GUIDs: The system cannot find the file specified. (0x2)
May 16, 2023 07:25:11.977 [9320:8032:0516/072511.976:ERROR:connection_factory_impl.cc(471)] ConnectionHandler failed with net error: -2

May 16, 2023 10:44:20.750 NEW SESSION
May 16, 2023 10:44:20.750 [10260:5412:0516/104420.748:ERROR:device_event_log_impl.cc(222)] [10:44:20.747] USB: usb_service_win.cc:415 Could not read device interface GUIDs: The system cannot find the file specified. (0x2)
May 16, 2023 10:44:20.991 [10260:1608:0516/104420.990:ERROR:connection_factory_impl.cc(428)] Failed to connect to MCS endpoint with error -106
May 16, 2023 10:44:46.751 [10260:1608:0516/104446.751:ERROR:connection_factory_impl.cc(428)] Failed to connect to MCS endpoint with error -106
May 16, 2023 10:44:56.871 [10260:1608:0516/104456.870:ERROR:connection_factory_impl.cc(428)] Failed to connect to MCS endpoint with error -106
May 16, 2023 10:47:08.313 [10260:1608:0516/104708.312:ERROR:connection_factory_impl.cc(428)] Failed to connect to MCS endpoint with error -105
May 16, 2023 10:47:19.871 [10260:1608:0516/104719.871:ERROR:connection_factory_impl.cc(428)] Failed to connect to MCS endpoint with error -105
May 16, 2023 10:47:28.655 [10260:1608:0516/104728.654:ERROR:connection_factory_impl.cc(428)] Failed to connect to MCS endpoint with error -105
May 16, 2023 10:47:29.17 [10260:5412:0516/104729.017:ERROR:device_event_log_impl.cc(222)] [10:47:29.018] USB: usb_service_win.cc:104 SetupDiGetDeviceProperty({{A45C254E-DF1C-4EFD-8020-67D146A850E0}, 6}) failed: Element not found. (0x490)
May 16, 2023 10:47:41.379 [10260:1608:0516/104741.378:ERROR:connection_factory_impl.cc(428)] Failed to connect to MCS endpoint with error -105
May 16, 2023 10:48:05.69 [10260:1608:0516/104805.068:ERROR:connection_factory_impl.cc(428)] Failed to connect to MCS endpoint with error -105
May 16, 2023 10:48:44.494 [10260:1608:0516/104844.494:ERROR:connection_factory_impl.cc(428)] Failed to connect to MCS endpoint with error -105
May 16, 2023 10:48:46.511 [10260:1608:0516/104846.510:ERROR:connection_factory_impl.cc(428)] Failed to connect to MCS endpoint with error -105
May 16, 2023 10:49:32.378 [10260:1608:0516/104932.376:ERROR:connection_factory_impl.cc(428)] Failed to connect to MCS endpoint with error -106
May 16, 2023 10:50:24.306 [10260:1608:0516/105024.306:ERROR:connection_factory_impl.cc(428)] Failed to connect to MCS endpoint with error -105

May 18, 2023 13:45:37.961 NEW SESSION
May 18, 2023 13:45:37.961 [14476:5968:0518/134537.960:ERROR:device_event_log_impl.cc(222)] [13:45:37.960] USB: usb_service_win.cc:415 Could not read device interface GUIDs: The system cannot find the file specified. (0x2)
May 18, 2023 13:45:47.238 [14476:7260:0518/134547.238:ERROR:connection_factory_impl.cc(428)] Failed to connect to MCS endpoint with error -105
May 18, 2023 13:46:07.29 [14476:7260:0518/134607.029:ERROR:connection_factory_impl.cc(428)] Failed to connect to MCS endpoint with error -105
May 18, 2023 13:47:03.990 [14476:7260:0518/134703.989:ERROR:connection_factory_impl.cc(428)] Failed to connect to MCS endpoint with error -105
May 18, 2023 13:47:58.165 [14476:7260:0518/134758.165:ERROR:connection_factory_impl.cc(428)] Failed to connect to MCS endpoint with error -105
May 18, 2023 13:48:03.699 [14476:7260:0518/134803.698:ERROR:connection_factory_impl.cc(428)] Failed to connect to MCS endpoint with error -106
May 18, 2023 13:54:34.592 [14476:5968:0518/135434.592:ERROR:CONSOLE(52)] "Unchecked runtime.lastError: The message port closed before a response was received.", source: https://ogs.google.com/u/0/widget/app?origin=chrome-untrusted%3A%2F%2Fnew-tab-page&origin=chrome%3A%2F%2Fnew-tab-page&cn=app&pid=1&spid=243&hl=en (52)
May 18, 2023 13:54:34.592 [14476:5968:0518/135434.592:ERROR:CONSOLE(52)] "Unchecked runtime.lastError: The message port closed before a response was received.", source: https://ogs.google.com/u/0/widget/app?origin=chrome-untrusted%3A%2F%2Fnew-tab-page&origin=chrome%3A%2F%2Fnew-tab-page&cn=app&pid=1&spid=243&hl=en (52)
May 18, 2023 13:54:34.593 [14476:5968:0518/135434.592:ERROR:CONSOLE(52)] "Unchecked runtime.lastError: The message port closed before a response was received.", source: https://ogs.google.com/u/0/widget/app?origin=chrome-untrusted%3A%2F%2Fnew-tab-page&origin=chrome%3A%2F%2Fnew-tab-page&cn=app&pid=1&spid=243&hl=en (52)
May 18, 2023 13:54:34.593 [14476:5968:0518/135434.592:ERROR:CONSOLE(52)] "Unchecked runtime.lastError: The message port closed before a response was received.", source: https://ogs.google.com/u/0/widget/app?origin=chrome-untrusted%3A%2F%2Fnew-tab-page&origin=chrome%3A%2F%2Fnew-tab-page&cn=app&pid=1&spid=243&hl=en (52)
May 18, 2023 14:32:16.872 [14476:7260:0518/143216.870:ERROR:connection_factory_impl.cc(471)] ConnectionHandler failed with net error: -2
May 18, 2023 14:49:43.304 [14476:5968:0518/144943.304:ERROR:CONSOLE(52)] "Unchecked runtime.lastError: The message port closed before a response was received.", source: https://ogs.google.com/u/0/widget/app?origin=chrome-untrusted%3A%2F%2Fnew-tab-page&origin=chrome%3A%2F%2Fnew-tab-page&cn=app&pid=1&spid=243&hl=en (52)
May 18, 2023 14:49:43.305 [14476:5968:0518/144943.304:ERROR:CONSOLE(52)] "Unchecked runtime.lastError: The message port closed before a response was received.", source: https://ogs.google.com/u/0/widget/app?origin=chrome-untrusted%3A%2F%2Fnew-tab-page&origin=chrome%3A%2F%2Fnew-tab-page&cn=app&pid=1&spid=243&hl=en (52)
May 18, 2023 14:49:43.305 [14476:5968:0518/144943.304:ERROR:CONSOLE(52)] "Unchecked runtime.lastError: The message port closed before a response was received.", source: https://ogs.google.com/u/0/widget/app?origin=chrome-untrusted%3A%2F%2Fnew-tab-page&origin=chrome%3A%2F%2Fnew-tab-page&cn=app&pid=1&spid=243&hl=en (52)
May 18, 2023 14:49:43.305 [14476:5968:0518/144943.304:ERROR:CONSOLE(52)] "Unchecked runtime.lastError: The message port closed before a response was received.", source: https://ogs.google.com/u/0/widget/app?origin=chrome-untrusted%3A%2F%2Fnew-tab-page&origin=chrome%3A%2F%2Fnew-tab-page&cn=app&pid=1&spid=243&hl=en (52)

May 22, 2023 11:37:02.631 NEW SESSION
May 22, 2023 11:37:02.631 [6608:7108:0522/113702.630:ERROR:device_event_log_impl.cc(222)] [11:37:02.630] USB: usb_service_win.cc:415 Could not read device interface GUIDs: The system cannot find the file specified. (0x2)
May 22, 2023 12:09:04.737 [13432:16304:0522/120904.737:ERROR:device_event_log_impl.cc(222)] [12:09:04.736] USB: usb_service_win.cc:415 Could not read device interface GUIDs: The system cannot find the file specified. (0x2)
May 22, 2023 12:15:21.788 [13432:16304:0522/121521.788:ERROR:CONSOLE(52)] "Unchecked runtime.lastError: The message port closed before a response was received.", source: https://ogs.google.com/u/0/widget/app?origin=chrome-untrusted%3A%2F%2Fnew-tab-page&origin=chrome%3A%2F%2Fnew-tab-page&cn=app&pid=1&spid=243&hl=en (52)
May 22, 2023 12:15:21.788 [13432:16304:0522/121521.788:ERROR:CONSOLE(52)] "Unchecked runtime.lastError: The message port closed before a response was received.", source: https://ogs.google.com/u/0/widget/app?origin=chrome-untrusted%3A%2F%2Fnew-tab-page&origin=chrome%3A%2F%2Fnew-tab-page&cn=app&pid=1&spid=243&hl=en (52)
May 22, 2023 12:15:21.789 [13432:16304:0522/121521.788:ERROR:CONSOLE(52)] "Unchecked runtime.lastError: The message port closed before a response was received.", source: https://ogs.google.com/u/0/widget/app?origin=chrome-untrusted%3A%2F%2Fnew-tab-page&origin=chrome%3A%2F%2Fnew-tab-page&cn=app&pid=1&spid=243&hl=en (52)
May 22, 2023 12:15:21.789 [13432:16304:0522/121521.788:ERROR:CONSOLE(52)] "Unchecked runtime.lastError: The message port closed before a response was received.", source: https://ogs.google.com/u/0/widget/app?origin=chrome-untrusted%3A%2F%2Fnew-tab-page&origin=chrome%3A%2F%2Fnew-tab-page&cn=app&pid=1&spid=243&hl=en (52)
May 22, 2023 12:17:25.467 [13432:16304:0522/121725.467:ERROR:CONSOLE(31)] "Unchecked runtime.lastError: The message port closed before a response was received.", source: https://ogs.google.com/u/0/widget/app?origin=chrome-untrusted%3A%2F%2Fnew-tab-page&origin=chrome%3A%2F%2Fnew-tab-page&cn=app&pid=1&spid=243&hl=en (31)
May 22, 2023 12:17:25.468 [13432:16304:0522/121725.467:ERROR:CONSOLE(31)] "Unchecked runtime.lastError: The message port closed before a response was received.", source: https://ogs.google.com/u/0/widget/app?origin=chrome-untrusted%3A%2F%2Fnew-tab-page&origin=chrome%3A%2F%2Fnew-tab-page&cn=app&pid=1&spid=243&hl=en (31)
May 22, 2023 12:17:25.469 [13432:16304:0522/121725.467:ERROR:CONSOLE(31)] "Unchecked runtime.lastError: The message port closed before a response was received.", source: https://ogs.google.com/u/0/widget/app?origin=chrome-untrusted%3A%2F%2Fnew-tab-page&origin=chrome%3A%2F%2Fnew-tab-page&cn=app&pid=1&spid=243&hl=en (31)
May 22, 2023 12:17:25.469 [13432:16304:0522/121725.467:ERROR:CONSOLE(31)] "Unchecked runtime.lastError: The message port closed before a response was received.", source: https://ogs.google.com/u/0/widget/app?origin=chrome-untrusted%3A%2F%2Fnew-tab-page&origin=chrome%3A%2F%2Fnew-tab-page&cn=app&pid=1&spid=243&hl=en (31)
May 22, 2023 12:24:21.909 [2052:17296:0522/122421.908:ERROR:device_event_log_impl.cc(222)] [12:24:21.909] USB: usb_service_win.cc:415 Could not read device interface GUIDs: The system cannot find the file specified. (0x2)

May 22, 2023 12:25:11.771 NEW SESSION
May 22, 2023 12:25:11.771 [5828:2548:0522/122511.769:ERROR:device_event_log_impl.cc(222)] [12:25:11.769] USB: usb_service_win.cc:415 Could not read device interface GUIDs: The system cannot find the file specified. (0x2)
May 22, 2023 12:25:55.314 [15992:11356:0522/122555.314:ERROR:device_event_log_impl.cc(222)] [12:25:55.313] USB: usb_service_win.cc:415 Could not read device interface GUIDs: The system cannot find the file specified. (0x2)
May 22, 2023 12:30:28.47 [11380:12740:0522/123028.047:ERROR:device_event_log_impl.cc(222)] [12:30:28.047] USB: usb_service_win.cc:415 Could not read device interface GUIDs: The system cannot find the file specified. (0x2)
May 22, 2023 12:30:47.693 [13480:2036:0522/123047.692:ERROR:device_event_log_impl.cc(222)] [12:30:47.691] USB: usb_service_win.cc:415 Could not read device interface GUIDs: The system cannot find the file specified. (0x2)
May 22, 2023 12:31:14.274 [14640:6104:0522/123114.274:ERROR:device_event_log_impl.cc(222)] [12:31:14.273] USB: usb_service_win.cc:415 Could not read device interface GUIDs: The system cannot find the file specified. (0x2)
May 22, 2023 12:31:30.154 [5792:16204:0522/123130.154:ERROR:device_event_log_impl.cc(222)] [12:31:30.154] USB: usb_service_win.cc:415 Could not read device interface GUIDs: The system cannot find the file specified. (0x2)
May 22, 2023 12:32:45.854 [15368:17936:0522/123245.852:ERROR:device_event_log_impl.cc(222)] [12:32:45.853] USB: usb_service_win.cc:415 Could not read device interface GUIDs: The system cannot find the file specified. (0x2)
May 22, 2023 12:50:46.531 [15368:17936:0522/125046.531:ERROR:CONSOLE(52)] "Unchecked runtime.lastError: The message port closed before a response was received.", source: https://ogs.google.com/u/0/widget/app?origin=chrome-untrusted%3A%2F%2Fnew-tab-page&origin=chrome%3A%2F%2Fnew-tab-page&cn=app&pid=1&spid=243&hl=en (52)
May 22, 2023 12:50:46.532 [15368:17936:0522/125046.531:ERROR:CONSOLE(52)] "Unchecked runtime.lastError: The message port closed before a response was received.", source: https://ogs.google.com/u/0/widget/app?origin=chrome-untrusted%3A%2F%2Fnew-tab-page&origin=chrome%3A%2F%2Fnew-tab-page&cn=app&pid=1&spid=243&hl=en (52)
May 22, 2023 12:50:46.532 [15368:17936:0522/125046.531:ERROR:CONSOLE(52)] "Unchecked runtime.lastError: The message port closed before a response was received.", source: https://ogs.google.com/u/0/widget/app?origin=chrome-untrusted%3A%2F%2Fnew-tab-page&origin=chrome%3A%2F%2Fnew-tab-page&cn=app&pid=1&spid=243&hl=en (52)
May 22, 2023 12:50:46.532 [15368:17936:0522/125046.531:ERROR:CONSOLE(52)] "Unchecked runtime.lastError: The message port closed before a response was received.", source: https://ogs.google.com/u/0/widget/app?origin=chrome-untrusted%3A%2F%2Fnew-tab-page&origin=chrome%3A%2F%2Fnew-tab-page&cn=app&pid=1&spid=243&hl=en (52)
May 22, 2023 12:58:35.303 [15368:17936:0522/125835.302:ERROR:CONSOLE(52)] "Unchecked runtime.lastError: The message port closed before a response was received.", source: https://ogs.google.com/u/0/widget/app?origin=chrome-untrusted%3A%2F%2Fnew-tab-page&origin=chrome%3A%2F%2Fnew-tab-page&cn=app&pid=1&spid=243&hl=en (52)
May 22, 2023 12:58:35.303 [15368:17936:0522/125835.302:ERROR:CONSOLE(52)] "Unchecked runtime.lastError: The message port closed before a response was received.", source: https://ogs.google.com/u/0/widget/app?origin=chrome-untrusted%3A%2F%2Fnew-tab-page&origin=chrome%3A%2F%2Fnew-tab-page&cn=app&pid=1&spid=243&hl=en (52)
May 22, 2023 12:58:35.304 [15368:17936:0522/125835.302:ERROR:CONSOLE(52)] "Unchecked runtime.lastError: The message port closed before a response was received.", source: https://ogs.google.com/u/0/widget/app?origin=chrome-untrusted%3A%2F%2Fnew-tab-page&origin=chrome%3A%2F%2Fnew-tab-page&cn=app&pid=1&spid=243&hl=en (52)
May 22, 2023 12:58:35.304 [15368:17936:0522/125835.303:ERROR:CONSOLE(52)] "Unchecked runtime.lastError: The message port closed before a response was received.", source: https://ogs.google.com/u/0/widget/app?origin=chrome-untrusted%3A%2F%2Fnew-tab-page&origin=chrome%3A%2F%2Fnew-tab-page&cn=app&pid=1&spid=243&hl=en (52)

May 22, 2023 15:09:33.267 NEW SESSION
May 22, 2023 15:09:33.267 [2092:13716:0522/150933.264:ERROR:device_event_log_impl.cc(222)] [15:09:33.263] USB: usb_service_win.cc:415 Could not read device interface GUIDs: The system cannot find the file specified. (0x2)
May 22, 2023 15:12:50.785 [15440:8168:0522/151250.785:ERROR:device_event_log_impl.cc(222)] [15:12:50.784] USB: usb_service_win.cc:415 Could not read device interface GUIDs: The system cannot find the file specified. (0x2)
May 22, 2023 15:19:50.120 [15440:8168:0522/151950.120:ERROR:CONSOLE(5)] "Unchecked runtime.lastError: The message port closed before a response was received.", source: https://ogs.google.com/u/0/widget/app?origin=chrome-untrusted%3A%2F%2Fnew-tab-page&origin=chrome%3A%2F%2Fnew-tab-page&cn=app&pid=1&spid=243&hl=en (5)
May 22, 2023 15:19:50.120 [15440:8168:0522/151950.120:ERROR:CONSOLE(5)] "Unchecked runtime.lastError: The message port closed before a response was received.", source: https://ogs.google.com/u/0/widget/app?origin=chrome-untrusted%3A%2F%2Fnew-tab-page&origin=chrome%3A%2F%2Fnew-tab-page&cn=app&pid=1&spid=243&hl=en (5)
May 22, 2023 15:19:50.121 [15440:8168:0522/151950.120:ERROR:CONSOLE(5)] "Unchecked runtime.lastError: The message port closed before a response was received.", source: https://ogs.google.com/u/0/widget/app?origin=chrome-untrusted%3A%2F%2Fnew-tab-page&origin=chrome%3A%2F%2Fnew-tab-page&cn=app&pid=1&spid=243&hl=en (5)
May 22, 2023 15:19:50.121 [15440:8168:0522/151950.120:ERROR:CONSOLE(5)] "Unchecked runtime.lastError: The message port closed before a response was received.", source: https://ogs.google.com/u/0/widget/app?origin=chrome-untrusted%3A%2F%2Fnew-tab-page&origin=chrome%3A%2F%2Fnew-tab-page&cn=app&pid=1&spid=243&hl=en (5)
May 22, 2023 15:25:05.790 [15440:8168:0522/152505.790:ERROR:CONSOLE(5)] "Unchecked runtime.lastError: The message port closed before a response was received.", source: https://ogs.google.com/u/0/widget/app?origin=chrome-untrusted%3A%2F%2Fnew-tab-page&origin=chrome%3A%2F%2Fnew-tab-page&cn=app&pid=1&spid=243&hl=en (5)
May 22, 2023 15:25:05.790 [15440:8168:0522/152505.790:ERROR:CONSOLE(5)] "Unchecked runtime.lastError: The message port closed before a response was received.", source: https://ogs.google.com/u/0/widget/app?origin=chrome-untrusted%3A%2F%2Fnew-tab-page&origin=chrome%3A%2F%2Fnew-tab-page&cn=app&pid=1&spid=243&hl=en (5)
May 22, 2023 15:25:05.791 [15440:8168:0522/152505.790:ERROR:CONSOLE(5)] "Unchecked runtime.lastError: The message port closed before a response was received.", source: https://ogs.google.com/u/0/widget/app?origin=chrome-untrusted%3A%2F%2Fnew-tab-page&origin=chrome%3A%2F%2Fnew-tab-page&cn=app&pid=1&spid=243&hl=en (5)
May 22, 2023 15:25:05.791 [15440:8168:0522/152505.790:ERROR:CONSOLE(5)] "Unchecked runtime.lastError: The message port closed before a response was received.", source: https://ogs.google.com/u/0/widget/app?origin=chrome-untrusted%3A%2F%2Fnew-tab-page&origin=chrome%3A%2F%2Fnew-tab-page&cn=app&pid=1&spid=243&hl=en (5)
May 22, 2023 15:26:14.757 [15440:8168:0522/152614.757:ERROR:interface_endpoint_client.cc(696)] Message 0 rejected by interface blink.mojom.WidgetHost
May 22, 2023 15:40:25.641 [15440:8168:0522/154025.641:ERROR:CONSOLE(52)] "Unchecked runtime.lastError: The message port closed before a response was received.", source: https://ogs.google.com/u/0/widget/app?origin=chrome-untrusted%3A%2F%2Fnew-tab-page&origin=chrome%3A%2F%2Fnew-tab-page&cn=app&pid=1&spid=243&hl=en (52)
May 22, 2023 15:40:25.642 [15440:8168:0522/154025.641:ERROR:CONSOLE(52)] "Unchecked runtime.lastError: The message port closed before a response was received.", source: https://ogs.google.com/u/0/widget/app?origin=chrome-untrusted%3A%2F%2Fnew-tab-page&origin=chrome%3A%2F%2Fnew-tab-page&cn=app&pid=1&spid=243&hl=en (52)
May 22, 2023 15:40:25.642 [15440:8168:0522/154025.641:ERROR:CONSOLE(52)] "Unchecked runtime.lastError: The message port closed before a response was received.", source: https://ogs.google.com/u/0/widget/app?origin=chrome-untrusted%3A%2F%2Fnew-tab-page&origin=chrome%3A%2F%2Fnew-tab-page&cn=app&pid=1&spid=243&hl=en (52)
May 22, 2023 15:40:25.643 [15440:8168:0522/154025.641:ERROR:CONSOLE(52)] "Unchecked runtime.lastError: The message port closed before a response was received.", source: https://ogs.google.com/u/0/widget/app?origin=chrome-untrusted%3A%2F%2Fnew-tab-page&origin=chrome%3A%2F%2Fnew-tab-page&cn=app&pid=1&spid=243&hl=en (52)
May 22, 2023 15:44:10.710 [15440:8168:0522/154410.709:ERROR:CONSOLE(52)] "Unchecked runtime.lastError: The message port closed before a response was received.", source: https://ogs.google.com/u/0/widget/app?origin=chrome-untrusted%3A%2F%2Fnew-tab-page&origin=chrome%3A%2F%2Fnew-tab-page&cn=app&pid=1&spid=243&hl=en (52)
May 22, 2023 15:44:10.710 [15440:8168:0522/154410.709:ERROR:CONSOLE(52)] "Unchecked runtime.lastError: The message port closed before a response was received.", source: https://ogs.google.com/u/0/widget/app?origin=chrome-untrusted%3A%2F%2Fnew-tab-page&origin=chrome%3A%2F%2Fnew-tab-page&cn=app&pid=1&spid=243&hl=en (52)
May 22, 2023 15:44:10.710 [15440:8168:0522/154410.709:ERROR:CONSOLE(52)] "Unchecked runtime.lastError: The message port closed before a response was received.", source: https://ogs.google.com/u/0/widget/app?origin=chrome-untrusted%3A%2F%2Fnew-tab-page&origin=chrome%3A%2F%2Fnew-tab-page&cn=app&pid=1&spid=243&hl=en (52)
May 22, 2023 15:44:10.711 [15440:8168:0522/154410.709:ERROR:CONSOLE(52)] "Unchecked runtime.lastError: The message port closed before a response was received.", source: https://ogs.google.com/u/0/widget/app?origin=chrome-untrusted%3A%2F%2Fnew-tab-page&origin=chrome%3A%2F%2Fnew-tab-page&cn=app&pid=1&spid=243&hl=en (52)
May 22, 2023 15:48:34.33 [15440:18744:0522/154834.033:ERROR:connection_factory_impl.cc(428)] Failed to connect to MCS endpoint with error -105
May 22, 2023 16:15:43.514 [15440:8168:0522/161543.513:ERROR:CONSOLE(52)] "Unchecked runtime.lastError: The message port closed before a response was received.", source: https://ogs.google.com/u/0/widget/app?origin=chrome-untrusted%3A%2F%2Fnew-tab-page&origin=chrome%3A%2F%2Fnew-tab-page&cn=app&pid=1&spid=243&hl=en (52)
May 22, 2023 16:15:43.514 [15440:8168:0522/161543.513:ERROR:CONSOLE(52)] "Unchecked runtime.lastError: The message port closed before a response was received.", source: https://ogs.google.com/u/0/widget/app?origin=chrome-untrusted%3A%2F%2Fnew-tab-page&origin=chrome%3A%2F%2Fnew-tab-page&cn=app&pid=1&spid=243&hl=en (52)
May 22, 2023 16:15:43.514 [15440:8168:0522/161543.513:ERROR:CONSOLE(52)] "Unchecked runtime.lastError: The message port closed before a response was received.", source: https://ogs.google.com/u/0/widget/app?origin=chrome-untrusted%3A%2F%2Fnew-tab-page&origin=chrome%3A%2F%2Fnew-tab-page&cn=app&pid=1&spid=243&hl=en (52)
May 22, 2023 16:15:43.515 [15440:8168:0522/161543.514:ERROR:CONSOLE(52)] "Unchecked runtime.lastError: The message port closed before a response was received.", source: https://ogs.google.com/u/0/widget/app?origin=chrome-untrusted%3A%2F%2Fnew-tab-page&origin=chrome%3A%2F%2Fnew-tab-page&cn=app&pid=1&spid=243&hl=en (52)

May 22, 2023 16:46:41.332 NEW SESSION
May 22, 2023 16:46:41.333 [4208:11588:0522/164641.330:ERROR:device_event_log_impl.cc(222)] [16:46:41.330] USB: usb_service_win.cc:415 Could not read device interface GUIDs: The system cannot find the file specified. (0x2)
May 22, 2023 16:58:16.958 [4208:11588:0522/165816.958:ERROR:page_load_metrics_update_dispatcher.cc(178)] Invalid first_paint (unset) for first_image_paint 0.385 s
May 22, 2023 16:58:16.978 [4208:11588:0522/165816.978:ERROR:page_load_metrics_update_dispatcher.cc(178)] Invalid first_paint 0.401 s for first_image_paint 0.385 s
May 22, 2023 16:58:17.85 [4208:11588:0522/165817.085:ERROR:page_load_metrics_update_dispatcher.cc(178)] Invalid first_paint 0.401 s for first_image_paint 0.385 s
May 22, 2023 16:58:17.538 [4208:11588:0522/165817.538:ERROR:page_load_metrics_update_dispatcher.cc(178)] Invalid first_paint 0.401 s for first_image_paint 0.385 s
May 22, 2023 17:00:26.530 [4208:11588:0522/170026.529:ERROR:CONSOLE(49)] "Unchecked runtime.lastError: The message port closed before a response was received.", source: https://ogs.google.com/u/0/widget/app?origin=chrome-untrusted%3A%2F%2Fnew-tab-page&origin=chrome%3A%2F%2Fnew-tab-page&cn=app&pid=1&spid=243&hl=en (49)
May 22, 2023 17:00:26.530 [4208:11588:0522/170026.529:ERROR:CONSOLE(49)] "Unchecked runtime.lastError: The message port closed before a response was received.", source: https://ogs.google.com/u/0/widget/app?origin=chrome-untrusted%3A%2F%2Fnew-tab-page&origin=chrome%3A%2F%2Fnew-tab-page&cn=app&pid=1&spid=243&hl=en (49)
May 22, 2023 17:00:26.530 [4208:11588:0522/170026.529:ERROR:CONSOLE(49)] "Unchecked runtime.lastError: The message port closed before a response was received.", source: https://ogs.google.com/u/0/widget/app?origin=chrome-untrusted%3A%2F%2Fnew-tab-page&origin=chrome%3A%2F%2Fnew-tab-page&cn=app&pid=1&spid=243&hl=en (49)
May 22, 2023 17:00:26.530 [4208:11588:0522/170026.529:ERROR:CONSOLE(49)] "Unchecked runtime.lastError: The message port closed before a response was received.", source: https://ogs.google.com/u/0/widget/app?origin=chrome-untrusted%3A%2F%2Fnew-tab-page&origin=chrome%3A%2F%2Fnew-tab-page&cn=app&pid=1&spid=243&hl=en (49)
May 22, 2023 17:05:45.273 [4208:11588:0522/170545.272:ERROR:CONSOLE(2)] "Unchecked runtime.lastError: The message port closed before a response was received.", source: https://ogs.google.com/u/0/widget/app?origin=chrome-untrusted%3A%2F%2Fnew-tab-page&origin=chrome%3A%2F%2Fnew-tab-page&cn=app&pid=1&spid=243&hl=en (2)
May 22, 2023 17:05:45.273 [4208:11588:0522/170545.272:ERROR:CONSOLE(2)] "Unchecked runtime.lastError: The message port closed before a response was received.", source: https://ogs.google.com/u/0/widget/app?origin=chrome-untrusted%3A%2F%2Fnew-tab-page&origin=chrome%3A%2F%2Fnew-tab-page&cn=app&pid=1&spid=243&hl=en (2)
May 22, 2023 17:05:45.273 [4208:11588:0522/170545.272:ERROR:CONSOLE(2)] "Unchecked runtime.lastError: The message port closed before a response was received.", source: https://ogs.google.com/u/0/widget/app?origin=chrome-untrusted%3A%2F%2Fnew-tab-page&origin=chrome%3A%2F%2Fnew-tab-page&cn=app&pid=1&spid=243&hl=en (2)
May 22, 2023 17:05:45.274 [4208:11588:0522/170545.273:ERROR:CONSOLE(2)] "Unchecked runtime.lastError: The message port closed before a response was received.", source: https://ogs.google.com/u/0/widget/app?origin=chrome-untrusted%3A%2F%2Fnew-tab-page&origin=chrome%3A%2F%2Fnew-tab-page&cn=app&pid=1&spid=243&hl=en (2)
May 22, 2023 17:12:39.676 [4208:11588:0522/171239.676:ERROR:CONSOLE(52)] "Unchecked runtime.lastError: The message port closed before a response was received.", source: https://ogs.google.com/u/0/widget/app?origin=chrome-untrusted%3A%2F%2Fnew-tab-page&origin=chrome%3A%2F%2Fnew-tab-page&cn=app&pid=1&spid=243&hl=en (52)
May 22, 2023 17:12:39.677 [4208:11588:0522/171239.676:ERROR:CONSOLE(52)] "Unchecked runtime.lastError: The message port closed before a response was received.", source: https://ogs.google.com/u/0/widget/app?origin=chrome-untrusted%3A%2F%2Fnew-tab-page&origin=chrome%3A%2F%2Fnew-tab-page&cn=app&pid=1&spid=243&hl=en (52)
May 22, 2023 17:12:39.677 [4208:11588:0522/171239.676:ERROR:CONSOLE(52)] "Unchecked runtime.lastError: The message port closed before a response was received.", source: https://ogs.google.com/u/0/widget/app?origin=chrome-untrusted%3A%2F%2Fnew-tab-page&origin=chrome%3A%2F%2Fnew-tab-page&cn=app&pid=1&spid=243&hl=en (52)
May 22, 2023 17:12:39.678 [4208:11588:0522/171239.676:ERROR:CONSOLE(52)] "Unchecked runtime.lastError: The message port closed before a response was received.", source: https://ogs.google.com/u/0/widget/app?origin=chrome-untrusted%3A%2F%2Fnew-tab-page&origin=chrome%3A%2F%2Fnew-tab-page&cn=app&pid=1&spid=243&hl=en (52)
May 22, 2023 17:14:13.988 [4208:11588:0522/171413.988:ERROR:page_load_metrics_update_dispatcher.cc(178)] Invalid first_paint (unset) for first_image_paint 0.085 s
May 22, 2023 17:14:14.03 [4208:11588:0522/171414.002:ERROR:page_load_metrics_update_dispatcher.cc(178)] Invalid first_paint 0.094 s for first_image_paint 0.085 s
May 22, 2023 17:14:14.121 [4208:11588:0522/171414.121:ERROR:page_load_metrics_update_dispatcher.cc(178)] Invalid first_paint 0.094 s for first_image_paint 0.085 s
May 22, 2023 17:14:38.708 [4208:11588:0522/171438.707:ERROR:page_load_metrics_update_dispatcher.cc(178)] Invalid first_paint (unset) for first_image_paint 0.093 s
May 22, 2023 17:14:38.745 [4208:11588:0522/171438.745:ERROR:page_load_metrics_update_dispatcher.cc(178)] Invalid first_paint 0.118 s for first_image_paint 0.093 s
May 22, 2023 17:14:38.884 [4208:11588:0522/171438.884:ERROR:page_load_metrics_update_dispatcher.cc(178)] Invalid first_paint 0.118 s for first_image_paint 0.093 s
May 22, 2023 17:14:39.319 [4208:11588:0522/171439.319:ERROR:page_load_metrics_update_dispatcher.cc(178)] Invalid first_paint 0.118 s for first_image_paint 0.093 s
May 22, 2023 17:14:39.411 [4208:11588:0522/171439.411:ERROR:page_load_metrics_update_dispatcher.cc(178)] Invalid first_paint 0.116 s for first_image_paint 0.095 s
May 22, 2023 17:14:50.234 [4208:11588:0522/171450.233:ERROR:page_load_metrics_update_dispatcher.cc(178)] Invalid first_paint 0.116 s for first_image_paint 0.102 s
May 22, 2023 17:14:50.359 [4208:11588:0522/171450.355:ERROR:page_load_metrics_update_dispatcher.cc(178)] Invalid first_paint 0.116 s for first_image_paint 0.102 s
May 22, 2023 17:45:30.920 [4208:11588:0522/174530.920:ERROR:CONSOLE(2)] "Unchecked runtime.lastError: The message port closed before a response was received.", source: https://ogs.google.com/u/0/widget/app?origin=chrome-untrusted%3A%2F%2Fnew-tab-page&origin=chrome%3A%2F%2Fnew-tab-page&cn=app&pid=1&spid=243&hl=en (2)
May 22, 2023 17:45:30.920 [4208:11588:0522/174530.920:ERROR:CONSOLE(2)] "Unchecked runtime.lastError: The message port closed before a response was received.", source: https://ogs.google.com/u/0/widget/app?origin=chrome-untrusted%3A%2F%2Fnew-tab-page&origin=chrome%3A%2F%2Fnew-tab-page&cn=app&pid=1&spid=243&hl=en (2)
May 22, 2023 17:45:30.921 [4208:11588:0522/174530.920:ERROR:CONSOLE(2)] "Unchecked runtime.lastError: The message port closed before a response was received.", source: https://ogs.google.com/u/0/widget/app?origin=chrome-untrusted%3A%2F%2Fnew-tab-page&origin=chrome%3A%2F%2Fnew-tab-page&cn=app&pid=1&spid=243&hl=en (2)
May 22, 2023 17:45:30.921 [4208:11588:0522/174530.920:ERROR:CONSOLE(2)] "Unchecked runtime.lastError: The message port closed before a response was received.", source: https://ogs.google.com/u/0/widget/app?origin=chrome-untrusted%3A%2F%2Fnew-tab-page&origin=chrome%3A%2F%2Fnew-tab-page&cn=app&pid=1&spid=243&hl=en (2)
May 22, 2023 17:47:50.417 [4208:11588:0522/174750.416:ERROR:CONSOLE(52)] "Unchecked runtime.lastError: The message port closed before a response was received.", source: https://ogs.google.com/u/0/widget/app?origin=chrome-untrusted%3A%2F%2Fnew-tab-page&origin=chrome%3A%2F%2Fnew-tab-page&cn=app&pid=1&spid=243&hl=en (52)
May 22, 2023 17:47:50.417 [4208:11588:0522/174750.416:ERROR:CONSOLE(52)] "Unchecked runtime.lastError: The message port closed before a response was received.", source: https://ogs.google.com/u/0/widget/app?origin=chrome-untrusted%3A%2F%2Fnew-tab-page&origin=chrome%3A%2F%2Fnew-tab-page&cn=app&pid=1&spid=243&hl=en (52)
May 22, 2023 17:47:50.417 [4208:11588:0522/174750.416:ERROR:CONSOLE(52)] "Unchecked runtime.lastError: The message port closed before a response was received.", source: https://ogs.google.com/u/0/widget/app?origin=chrome-untrusted%3A%2F%2Fnew-tab-page&origin=chrome%3A%2F%2Fnew-tab-page&cn=app&pid=1&spid=243&hl=en (52)
May 22, 2023 17:47:50.418 [4208:11588:0522/174750.416:ERROR:CONSOLE(52)] "Unchecked runtime.lastError: The message port closed before a response was received.", source: https://ogs.google.com/u/0/widget/app?origin=chrome-untrusted%3A%2F%2Fnew-tab-page&origin=chrome%3A%2F%2Fnew-tab-page&cn=app&pid=1&spid=243&hl=en (52)
May 22, 2023 18:15:33.658 [4208:11588:0522/181533.657:ERROR:CONSOLE(52)] "Unchecked runtime.lastError: The message port closed before a response was received.", source: https://ogs.google.com/u/0/widget/app?origin=chrome-untrusted%3A%2F%2Fnew-tab-page&origin=chrome%3A%2F%2Fnew-tab-page&cn=app&pid=1&spid=243&hl=en (52)
May 22, 2023 18:15:33.658 [4208:11588:0522/181533.657:ERROR:CONSOLE(52)] "Unchecked runtime.lastError: The message port closed before a response was received.", source: https://ogs.google.com/u/0/widget/app?origin=chrome-untrusted%3A%2F%2Fnew-tab-page&origin=chrome%3A%2F%2Fnew-tab-page&cn=app&pid=1&spid=243&hl=en (52)
May 22, 2023 18:15:33.659 [4208:11588:0522/181533.657:ERROR:CONSOLE(52)] "Unchecked runtime.lastError: The message port closed before a response was received.", source: https://ogs.google.com/u/0/widget/app?origin=chrome-untrusted%3A%2F%2Fnew-tab-page&origin=chrome%3A%2F%2Fnew-tab-page&cn=app&pid=1&spid=243&hl=en (52)
May 22, 2023 18:15:33.659 [4208:11588:0522/181533.658:ERROR:CONSOLE(52)] "Unchecked runtime.lastError: The message port closed before a response was received.", source: https://ogs.google.com/u/0/widget/app?origin=chrome-untrusted%3A%2F%2Fnew-tab-page&origin=chrome%3A%2F%2Fnew-tab-page&cn=app&pid=1&spid=243&hl=en (52)

May 23, 2023 10:56:33.311 NEW SESSION
May 23, 2023 10:56:33.311 [20508:19864:0523/105633.306:ERROR:device_event_log_impl.cc(222)] [10:56:33.307] USB: usb_service_win.cc:415 Could not read device interface GUIDs: The system cannot find the file specified. (0x2)
May 23, 2023 11:08:40.256 [20508:21096:0523/110840.254:ERROR:connection_factory_impl.cc(471)] ConnectionHandler failed with net error: -2
May 23, 2023 11:17:45.869 [20508:21096:0523/111745.868:ERROR:connection_factory_impl.cc(471)] ConnectionHandler failed with net error: -2
May 23, 2023 11:39:58.782 [6044:8496:0523/113958.782:ERROR:device_event_log_impl.cc(222)] [11:39:58.782] USB: usb_service_win.cc:415 Could not read device interface GUIDs: The system cannot find the file specified. (0x2)

May 23, 2023 11:51:58.83 NEW SESSION
May 23, 2023 11:51:58.83 [21376:4916:0523/115158.079:ERROR:device_event_log_impl.cc(222)] [11:51:58.078] USB: usb_service_win.cc:415 Could not read device interface GUIDs: The system cannot find the file specified. (0x2)

May 23, 2023 12:10:21.891 NEW SESSION
May 23, 2023 12:10:21.891 [9072:6856:0523/121021.888:ERROR:device_event_log_impl.cc(222)] [12:10:21.888] USB: usb_service_win.cc:415 Could not read device interface GUIDs: The system cannot find the file specified. (0x2)
May 23, 2023 12:12:09.306 [13944:10412:0523/121209.306:ERROR:device_event_log_impl.cc(222)] [12:12:09.305] USB: usb_service_win.cc:415 Could not read device interface GUIDs: The system cannot find the file specified. (0x2)
May 23, 2023 12:12:28.687 [14208:13656:0523/121228.686:ERROR:device_event_log_impl.cc(222)] [12:12:28.686] USB: usb_service_win.cc:415 Could not read device interface GUIDs: The system cannot find the file specified. (0x2)
May 23, 2023 12:14:14.976 [1412:2564:0523/121414.975:ERROR:device_event_log_impl.cc(222)] [12:14:14.975] USB: usb_service_win.cc:415 Could not read device interface GUIDs: The system cannot find the file specified. (0x2)
May 23, 2023 12:14:36.234 [1412:6312:0523/121436.234:ERROR:connection_factory_impl.cc(428)] Failed to connect to MCS endpoint with error -118
May 23, 2023 12:41:25.808 [1412:6312:0523/124125.807:ERROR:connection_factory_impl.cc(471)] ConnectionHandler failed with net error: -2
May 23, 2023 13:09:24.264 [1412:2564:0523/130924.264:ERROR:device_event_log_impl.cc(222)] [13:09:24.196] USB: usb_service_win.cc:104 SetupDiGetDeviceProperty({{A45C254E-DF1C-4EFD-8020-67D146A850E0}, 6}) failed: Element not found. (0x490)
May 23, 2023 14:10:59.956 [18408:13864:0523/141059.956:ERROR:device_event_log_impl.cc(222)] [14:10:59.956] USB: usb_service_win.cc:415 Could not read device interface GUIDs: The system cannot find the file specified. (0x2)
May 23, 2023 14:29:47.584 [14484:11720:0523/142947.584:ERROR:device_event_log_impl.cc(222)] [14:29:47.583] USB: usb_service_win.cc:415 Could not read device interface GUIDs: The system cannot find the file specified. (0x2)
May 23, 2023 14:30:14.818 [7328:17768:0523/143014.818:ERROR:device_event_log_impl.cc(222)] [14:30:14.818] USB: usb_service_win.cc:415 Could not read device interface GUIDs: The system cannot find the file specified. (0x2)
May 23, 2023 15:08:46.305 [8308:16844:0523/150846.305:ERROR:device_event_log_impl.cc(222)] [15:08:46.305] USB: usb_service_win.cc:415 Could not read device interface GUIDs: The system cannot find the file specified. (0x2)
May 23, 2023 15:08:46.634 [8308:8964:0523/150846.634:ERROR:get_updates_processor.cc(264)] PostClientToServerMessage() failed during GetUpdates with error 2
May 23, 2023 15:09:01.991 [20064:20300:0523/150901.991:ERROR:device_event_log_impl.cc(222)] [15:09:01.990] USB: usb_service_win.cc:415 Could not read device interface GUIDs: The system cannot find the file specified. (0x2)
May 23, 2023 15:40:07.312 [20064:8916:0523/154007.312:ERROR:connection_factory_impl.cc(471)] ConnectionHandler failed with net error: -2
